#
# A fatal error has been detected by the Java Runtime Environment:
#
#  EXCEPTION_UNCAUGHT_CXX_EXCEPTION (0xe06d7363) at pc=0x00007fffda93a839, pid=10544, tid=0x0000000000002f78
#
# JRE version: Java(TM) SE Runtime Environment (8.0_231-b11) (build 1.8.0_231-b11)
# Java VM: Java HotSpot(TM) 64-Bit Server VM (25.231-b11 mixed mode windows-amd64 compressed oops)
# Problematic frame:
# C  [KERNELBASE.dll+0x3a839]
#
# Failed to write core dump. Minidumps are not enabled by default on client versions of Windows
#
# If you would like to submit a bug report, please visit:
#   http://bugreport.java.com/bugreport/crash.jsp
# The crash happened outside the Java Virtual Machine in native code.
# See problematic frame for where to report the bug.
#

---------------  T H R E A D  ---------------

Current thread (0x00000000194f5800):  JavaThread "Thread-4" [_thread_in_native, id=12152, stack(0x00000000289b0000,0x0000000028ab0000)]

siginfo: ExceptionCode=0xe06d7363, ExceptionInformation=0x0000000019930520 0x0000000028a9ec30 0x00007fffa473cd78 0x00007fffa44f0000 

Registers:
RAX=0x0000000000000000, RBX=0x00007fffa473cd78, RCX=0x0000000000000000, RDX=0x0000000000000000
RSP=0x0000000028a9eaa0, RBP=0x0000000028a9ebe0, RSI=0x00007fff8721d758, RDI=0x0000000028a9ec30
R8 =0x0000000000000000, R9 =0x0000000000000000, R10=0x0000000000000000, R11=0x0000000000000000
R12=0x00000000ffffff29, R13=0x0000000000000000, R14=0x00007fff8721d530, R15=0x0000000028aaee30
RIP=0x00007fffda93a839, EFLAGS=0x0000000000000206

Top of Stack: (sp=0x0000000028a9eaa0)
0x0000000028a9eaa0:   0000000000000000 00007fffa473cd78
0x0000000028a9eab0:   00007fff8721d758 0000000000000000
0x0000000028a9eac0:   00000001e06d7363 0000000000000000
0x0000000028a9ead0:   00007fffda93a839 0000000000000004
0x0000000028a9eae0:   0000000019930520 0000000028a9ec30
0x0000000028a9eaf0:   00007fffa473cd78 00007fffa44f0000
0x0000000028a9eb00:   0000000000000000 00000000ffffff29
0x0000000028a9eb10:   00007fff8721d758 0000000028a9ebe0
0x0000000028a9eb20:   0000000028a9ebf0 00007fffdcc9f49f
0x0000000028a9eb30:   0000000028a9ec30 00007fff00000000
0x0000000028a9eb40:   0000000028a9ec30 00007fffa4c4d306
0x0000000028a9eb50:   00007fffa475f000 00007fffa44f0000
0x0000000028a9eb60:   000063d8c5cf28f6 00007fffa4ccc4d0
0x0000000028a9eb70:   00007fffa473cd78 00007fffa4c4ef63
0x0000000028a9eb80:   0000000028a9ec30 00007fffa4c1eb8d
0x0000000028a9eb90:   00007fffa4ccc4d0 00007fff8721d758 

Instructions: (pc=0x00007fffda93a839)
0x00007fffda93a819:   8b d1 44 0f 47 c0 44 89 44 24 38 49 c1 e0 03 e8
0x00007fffda93a829:   aa 4c 05 00 48 8d 4c 24 20 48 ff 15 af bf 16 00
0x00007fffda93a839:   0f 1f 44 00 00 48 8b 8c 24 c0 00 00 00 48 33 cc
0x00007fffda93a849:   e8 c2 ee 04 00 48 81 c4 d8 00 00 00 c3 83 64 24 


Register to memory mapping:

RAX=0x0000000000000000 is an unknown value
RBX=0x00007fffa473cd78 is an unknown value
RCX=0x0000000000000000 is an unknown value
RDX=0x0000000000000000 is an unknown value
RSP=0x0000000028a9eaa0 is pointing into the stack for thread: 0x00000000194f5800
RBP=0x0000000028a9ebe0 is pointing into the stack for thread: 0x00000000194f5800
RSI=0x00007fff8721d758 is an unknown value
RDI=0x0000000028a9ec30 is pointing into the stack for thread: 0x00000000194f5800
R8 =0x0000000000000000 is an unknown value
R9 =0x0000000000000000 is an unknown value
R10=0x0000000000000000 is an unknown value
R11=0x0000000000000000 is an unknown value
R12=0x00000000ffffff29 is an unallocated location in the heap
R13=0x0000000000000000 is an unknown value
R14=0x00007fff8721d530 is an unknown value
R15=0x0000000028aaee30 is pointing into the stack for thread: 0x00000000194f5800


Stack: [0x00000000289b0000,0x0000000028ab0000],  sp=0x0000000028a9eaa0,  free space=954k
Native frames: (J=compiled Java code, j=interpreted, Vv=VM code, C=native code)
C  [KERNELBASE.dll+0x3a839]
C  [msvcr120.dll+0x5ef63]
C  [opencv_core320.dll+0x1a2c34]
C  [opencv_core320.dll+0x1a2d76]
C  [opencv_imgproc320.dll+0x136701]
C  [opencv_imgproc320.dll+0x13c0b1]
C  0x00007fffa3b6dafd
C  0x000000000373a631

Java frames: (J=compiled Java code, j=interpreted, Vv=VM code)
J 4241  org.bytedeco.javacpp.opencv_imgproc.cvResize(Lorg/bytedeco/javacpp/helper/opencv_core$CvArr;Lorg/bytedeco/javacpp/helper/opencv_core$CvArr;I)V (0 bytes) @ 0x000000000373a5ab [0x000000000373a540+0x6b]
j  application.FaceDetector.run()V+432
j  java.lang.Thread.run()V+11
v  ~StubRoutines::call_stub

---------------  P R O C E S S  ---------------

Java Threads: ( => current thread )
  0x000000001fe95800 JavaThread "Java2D Disposer" daemon [_thread_blocked, id=3716, stack(0x0000000029ce0000,0x0000000029de0000)]
  0x000000001fb52000 JavaThread "mysql-cj-abandoned-connection-cleanup" daemon [_thread_blocked, id=3820, stack(0x0000000028ab0000,0x0000000028bb0000)]
=>0x00000000194f5800 JavaThread "Thread-4" [_thread_in_native, id=12152, stack(0x00000000289b0000,0x0000000028ab0000)]
  0x000000001fd5a800 JavaThread "JavaCPP Deallocator" daemon [_thread_blocked, id=11896, stack(0x0000000026a40000,0x0000000026b40000)]
  0x0000000020032800 JavaThread "Prism Font Disposer" daemon [_thread_blocked, id=10772, stack(0x0000000022a60000,0x0000000022b60000)]
  0x000000001963f000 JavaThread "Thread-3" daemon [_thread_in_native, id=11152, stack(0x000000001f250000,0x000000001f350000)]
  0x0000000019655000 JavaThread "JavaFX-Launcher" [_thread_blocked, id=8424, stack(0x000000001f350000,0x000000001f450000)]
  0x000000001962b000 JavaThread "JavaFX Application Thread" [_thread_in_native, id=3104, stack(0x000000001a750000,0x000000001a850000)]
  0x0000000019629800 JavaThread "Thread-1" daemon [_thread_blocked, id=12048, stack(0x000000001a650000,0x000000001a750000)]
  0x0000000019610000 JavaThread "QuantumRenderer-0" daemon [_thread_blocked, id=5276, stack(0x000000001a310000,0x000000001a410000)]
  0x0000000019297800 JavaThread "Service Thread" daemon [_thread_blocked, id=6056, stack(0x0000000019d50000,0x0000000019e50000)]
  0x00000000191f5800 JavaThread "C1 CompilerThread2" daemon [_thread_blocked, id=5112, stack(0x0000000019c50000,0x0000000019d50000)]
  0x00000000191f5000 JavaThread "C2 CompilerThread1" daemon [_thread_blocked, id=2520, stack(0x0000000019b50000,0x0000000019c50000)]
  0x00000000191f4000 JavaThread "C2 CompilerThread0" daemon [_thread_blocked, id=11972, stack(0x0000000019a50000,0x0000000019b50000)]
  0x00000000191ef000 JavaThread "Monitor Ctrl-Break" daemon [_thread_in_native, id=10560, stack(0x0000000019950000,0x0000000019a50000)]
  0x00000000176f1000 JavaThread "Attach Listener" daemon [_thread_blocked, id=10252, stack(0x0000000018c40000,0x0000000018d40000)]
  0x00000000176f0000 JavaThread "Signal Dispatcher" daemon [_thread_blocked, id=7284, stack(0x0000000018b40000,0x0000000018c40000)]
  0x00000000176d0800 JavaThread "Finalizer" daemon [_thread_blocked, id=688, stack(0x0000000018940000,0x0000000018a40000)]
  0x00000000176c9000 JavaThread "Reference Handler" daemon [_thread_blocked, id=11368, stack(0x0000000018840000,0x0000000018940000)]
  0x0000000002963000 JavaThread "main" [_thread_blocked, id=892, stack(0x00000000027e0000,0x00000000028e0000)]

Other Threads:
  0x00000000176a8000 VMThread [stack: 0x0000000018740000,0x0000000018840000] [id=9880]
  0x0000000019324000 WatcherThread [stack: 0x0000000019f90000,0x000000001a090000] [id=456]

VM state:not at safepoint (normal execution)

VM Mutex/Monitor currently owned by a thread: None

heap address: 0x0000000081400000, size: 2028 MB, Compressed Oops mode: 32-bit
Narrow klass base: 0x0000000000000000, Narrow klass shift: 3
Compressed class space size: 1073741824 Address: 0x0000000100000000

Heap:
 PSYoungGen      total 125440K, used 7284K [0x00000000d5c00000, 0x00000000de700000, 0x0000000100000000)
  eden space 120832K, 4% used [0x00000000d5c00000,0x00000000d61b9288,0x00000000dd200000)
  from space 4608K, 30% used [0x00000000de280000,0x00000000de3e4010,0x00000000de700000)
  to   space 10752K, 0% used [0x00000000dd200000,0x00000000dd200000,0x00000000ddc80000)
 ParOldGen       total 78336K, used 20264K [0x0000000081400000, 0x0000000086080000, 0x00000000d5c00000)
  object space 78336K, 25% used [0x0000000081400000,0x00000000827ca020,0x0000000086080000)
 Metaspace       used 28822K, capacity 29894K, committed 30080K, reserved 1075200K
  class space    used 3654K, capacity 3898K, committed 3968K, reserved 1048576K

Card table byte_map: [0x0000000011f30000,0x0000000012330000] byte_map_base: 0x0000000011b26000

Marking Bits: (ParMarkBitMap*) 0x00000000536e6d90
 Begin Bits: [0x00000000129e0000, 0x0000000014990000)
 End Bits:   [0x0000000014990000, 0x0000000016940000)

Polling page: 0x00000000007f0000

CodeCache: size=245760Kb used=14592Kb max_used=14641Kb free=231167Kb
 bounds [0x0000000002b70000, 0x00000000039d0000, 0x0000000011b70000]
 total_blobs=5404 nmethods=4476 adapters=840
 compilation: enabled

Compilation events (10 events):
Event: 68.016 Thread 0x00000000191f5800 4961       3       javafx.scene.layout.Region::impl_updatePeer (540 bytes)
Event: 68.027 Thread 0x00000000191f5000 4965       4       java.util.LinkedList::remove (77 bytes)
Event: 68.033 Thread 0x00000000191f5000 nmethod 4965 0x0000000002cae190 code [0x0000000002cae2e0, 0x0000000002cae4d8]
Event: 68.033 Thread 0x00000000191f5800 nmethod 4961 0x0000000002df5b90 code [0x0000000002df6260, 0x0000000002dfc7e8]
Event: 68.034 Thread 0x00000000191f5800 4964       3       com.sun.javafx.geom.Path2D::lineTo (78 bytes)
Event: 68.034 Thread 0x00000000191f5800 nmethod 4964 0x0000000002edb050 code [0x0000000002edb1c0, 0x0000000002edb428]
Event: 68.034 Thread 0x00000000191f5800 4962       3       com.sun.javafx.sg.prism.NGRegion::updateFillCorners (6 bytes)
Event: 68.034 Thread 0x00000000191f5800 nmethod 4962 0x00000000031daf50 code [0x00000000031db0a0, 0x00000000031db210]
Event: 68.034 Thread 0x00000000191f5800 4963       3       com.sun.javafx.sg.prism.NGRegion::updateStrokeCorners (6 bytes)
Event: 68.034 Thread 0x00000000191f5800 nmethod 4963 0x00000000031dac10 code [0x00000000031dad60, 0x00000000031daed0]

GC Heap History (10 events):
Event: 55.141 GC heap before
{Heap before GC invocations=29 (full 1):
 PSYoungGen      total 141824K, used 132693K [0x00000000d5c00000, 0x00000000df500000, 0x0000000100000000)
  eden space 130560K, 99% used [0x00000000d5c00000,0x00000000ddb254a8,0x00000000ddb80000)
  from space 11264K, 22% used [0x00000000ddb80000,0x00000000dddf0030,0x00000000de680000)
  to   space 11264K, 0% used [0x00000000dea00000,0x00000000dea00000,0x00000000df500000)
 ParOldGen       total 78336K, used 20120K [0x0000000081400000, 0x0000000086080000, 0x00000000d5c00000)
  object space 78336K, 25% used [0x0000000081400000,0x00000000827a6020,0x0000000086080000)
 Metaspace       used 28781K, capacity 29894K, committed 30080K, reserved 1075200K
  class space    used 3653K, capacity 3898K, committed 3968K, reserved 1048576K
Event: 55.143 GC heap after
Heap after GC invocations=29 (full 1):
 PSYoungGen      total 144384K, used 2512K [0x00000000d5c00000, 0x00000000df480000, 0x0000000100000000)
  eden space 133632K, 0% used [0x00000000d5c00000,0x00000000d5c00000,0x00000000dde80000)
  from space 10752K, 23% used [0x00000000dea00000,0x00000000dec74020,0x00000000df480000)
  to   space 11264K, 0% used [0x00000000dde80000,0x00000000dde80000,0x00000000de980000)
 ParOldGen       total 78336K, used 20136K [0x0000000081400000, 0x0000000086080000, 0x00000000d5c00000)
  object space 78336K, 25% used [0x0000000081400000,0x00000000827aa020,0x0000000086080000)
 Metaspace       used 28781K, capacity 29894K, committed 30080K, reserved 1075200K
  class space    used 3653K, capacity 3898K, committed 3968K, reserved 1048576K
}
Event: 58.437 GC heap before
{Heap before GC invocations=30 (full 1):
 PSYoungGen      total 144384K, used 134985K [0x00000000d5c00000, 0x00000000df480000, 0x0000000100000000)
  eden space 133632K, 99% used [0x00000000d5c00000,0x00000000ddd5e780,0x00000000dde80000)
  from space 10752K, 23% used [0x00000000dea00000,0x00000000dec74020,0x00000000df480000)
  to   space 11264K, 0% used [0x00000000dde80000,0x00000000dde80000,0x00000000de980000)
 ParOldGen       total 78336K, used 20136K [0x0000000081400000, 0x0000000086080000, 0x00000000d5c00000)
  object space 78336K, 25% used [0x0000000081400000,0x00000000827aa020,0x0000000086080000)
 Metaspace       used 28782K, capacity 29894K, committed 30080K, reserved 1075200K
  class space    used 3654K, capacity 3898K, committed 3968K, reserved 1048576K
Event: 58.439 GC heap after
Heap after GC invocations=30 (full 1):
 PSYoungGen      total 144896K, used 2480K [0x00000000d5c00000, 0x00000000df780000, 0x0000000100000000)
  eden space 133632K, 0% used [0x00000000d5c00000,0x00000000d5c00000,0x00000000dde80000)
  from space 11264K, 22% used [0x00000000dde80000,0x00000000de0ec020,0x00000000de980000)
  to   space 11264K, 0% used [0x00000000dec80000,0x00000000dec80000,0x00000000df780000)
 ParOldGen       total 78336K, used 20168K [0x0000000081400000, 0x0000000086080000, 0x00000000d5c00000)
  object space 78336K, 25% used [0x0000000081400000,0x00000000827b2020,0x0000000086080000)
 Metaspace       used 28782K, capacity 29894K, committed 30080K, reserved 1075200K
  class space    used 3654K, capacity 3898K, committed 3968K, reserved 1048576K
}
Event: 61.757 GC heap before
{Heap before GC invocations=31 (full 1):
 PSYoungGen      total 144896K, used 134944K [0x00000000d5c00000, 0x00000000df780000, 0x0000000100000000)
  eden space 133632K, 99% used [0x00000000d5c00000,0x00000000ddd5c370,0x00000000dde80000)
  from space 11264K, 22% used [0x00000000dde80000,0x00000000de0ec020,0x00000000de980000)
  to   space 11264K, 0% used [0x00000000dec80000,0x00000000dec80000,0x00000000df780000)
 ParOldGen       total 78336K, used 20168K [0x0000000081400000, 0x0000000086080000, 0x00000000d5c00000)
  object space 78336K, 25% used [0x0000000081400000,0x00000000827b2020,0x0000000086080000)
 Metaspace       used 28782K, capacity 29894K, committed 30080K, reserved 1075200K
  class space    used 3654K, capacity 3898K, committed 3968K, reserved 1048576K
Event: 61.760 GC heap after
Heap after GC invocations=31 (full 1):
 PSYoungGen      total 132608K, used 2512K [0x00000000d5c00000, 0x00000000df000000, 0x0000000100000000)
  eden space 129024K, 0% used [0x00000000d5c00000,0x00000000d5c00000,0x00000000dda00000)
  from space 3584K, 70% used [0x00000000dec80000,0x00000000deef4020,0x00000000df000000)
  to   space 11264K, 0% used [0x00000000dda00000,0x00000000dda00000,0x00000000de500000)
 ParOldGen       total 78336K, used 20192K [0x0000000081400000, 0x0000000086080000, 0x00000000d5c00000)
  object space 78336K, 25% used [0x0000000081400000,0x00000000827b8020,0x0000000086080000)
 Metaspace       used 28782K, capacity 29894K, committed 30080K, reserved 1075200K
  class space    used 3654K, capacity 3898K, committed 3968K, reserved 1048576K
}
Event: 64.902 GC heap before
{Heap before GC invocations=32 (full 1):
 PSYoungGen      total 132608K, used 131451K [0x00000000d5c00000, 0x00000000df000000, 0x0000000100000000)
  eden space 129024K, 99% used [0x00000000d5c00000,0x00000000dd9ead60,0x00000000dda00000)
  from space 3584K, 70% used [0x00000000dec80000,0x00000000deef4020,0x00000000df000000)
  to   space 11264K, 0% used [0x00000000dda00000,0x00000000dda00000,0x00000000de500000)
 ParOldGen       total 78336K, used 20192K [0x0000000081400000, 0x0000000086080000, 0x00000000d5c00000)
  object space 78336K, 25% used [0x0000000081400000,0x00000000827b8020,0x0000000086080000)
 Metaspace       used 28782K, capacity 29894K, committed 30080K, reserved 1075200K
  class space    used 3654K, capacity 3898K, committed 3968K, reserved 1048576K
Event: 64.904 GC heap after
Heap after GC invocations=32 (full 1):
 PSYoungGen      total 129024K, used 3696K [0x00000000d5c00000, 0x00000000ded00000, 0x0000000100000000)
  eden space 124928K, 0% used [0x00000000d5c00000,0x00000000d5c00000,0x00000000dd600000)
  from space 4096K, 90% used [0x00000000dda00000,0x00000000ddd9c040,0x00000000dde00000)
  to   space 10752K, 0% used [0x00000000de280000,0x00000000de280000,0x00000000ded00000)
 ParOldGen       total 78336K, used 20240K [0x0000000081400000, 0x0000000086080000, 0x00000000d5c00000)
  object space 78336K, 25% used [0x0000000081400000,0x00000000827c4020,0x0000000086080000)
 Metaspace       used 28782K, capacity 29894K, committed 30080K, reserved 1075200K
  class space    used 3654K, capacity 3898K, committed 3968K, reserved 1048576K
}
Event: 68.016 GC heap before
{Heap before GC invocations=33 (full 1):
 PSYoungGen      total 129024K, used 128125K [0x00000000d5c00000, 0x00000000ded00000, 0x0000000100000000)
  eden space 124928K, 99% used [0x00000000d5c00000,0x00000000dd583778,0x00000000dd600000)
  from space 4096K, 90% used [0x00000000dda00000,0x00000000ddd9c040,0x00000000dde00000)
  to   space 10752K, 0% used [0x00000000de280000,0x00000000de280000,0x00000000ded00000)
 ParOldGen       total 78336K, used 20240K [0x0000000081400000, 0x0000000086080000, 0x00000000d5c00000)
  object space 78336K, 25% used [0x0000000081400000,0x00000000827c4020,0x0000000086080000)
 Metaspace       used 28810K, capacity 29894K, committed 30080K, reserved 1075200K
  class space    used 3654K, capacity 3898K, committed 3968K, reserved 1048576K
Event: 68.024 GC heap after
Heap after GC invocations=33 (full 1):
 PSYoungGen      total 125440K, used 1424K [0x00000000d5c00000, 0x00000000de700000, 0x0000000100000000)
  eden space 120832K, 0% used [0x00000000d5c00000,0x00000000d5c00000,0x00000000dd200000)
  from space 4608K, 30% used [0x00000000de280000,0x00000000de3e4010,0x00000000de700000)
  to   space 10752K, 0% used [0x00000000dd200000,0x00000000dd200000,0x00000000ddc80000)
 ParOldGen       total 78336K, used 20264K [0x0000000081400000, 0x0000000086080000, 0x00000000d5c00000)
  object space 78336K, 25% used [0x0000000081400000,0x00000000827ca020,0x0000000086080000)
 Metaspace       used 28810K, capacity 29894K, committed 30080K, reserved 1075200K
  class space    used 3654K, capacity 3898K, committed 3968K, reserved 1048576K
}

Deoptimization events (10 events):
Event: 10.600 Thread 0x000000001962b000 Uncommon trap: reason=class_check action=maybe_recompile pc=0x0000000003522898 method=javafx.scene.Node.updateLocalToParentTransform()V @ 11
Event: 10.601 Thread 0x000000001962b000 Uncommon trap: reason=class_check action=maybe_recompile pc=0x0000000003522898 method=javafx.scene.Node.updateLocalToParentTransform()V @ 11
Event: 10.601 Thread 0x000000001962b000 Uncommon trap: reason=class_check action=maybe_recompile pc=0x0000000003522898 method=javafx.scene.Node.updateLocalToParentTransform()V @ 11
Event: 10.601 Thread 0x000000001962b000 Uncommon trap: reason=class_check action=maybe_recompile pc=0x0000000003522898 method=javafx.scene.Node.updateLocalToParentTransform()V @ 11
Event: 10.613 Thread 0x0000000019610000 Uncommon trap: reason=unstable_if action=reinterpret pc=0x000000000345e0c4 method=com.sun.javafx.geom.RectBounds.isEmpty()Z @ 21
Event: 10.706 Thread 0x000000001fb52000 Uncommon trap: reason=unstable_if action=reinterpret pc=0x00000000032e4a84 method=java.io.WinNTFileSystem.resolve(Ljava/lang/String;Ljava/lang/String;)Ljava/lang/String; @ 19
Event: 11.283 Thread 0x00000000194f5800 Uncommon trap: reason=unstable_if action=reinterpret pc=0x0000000003150eb4 method=java.lang.ref.SoftReference.get()Ljava/lang/Object; @ 6
Event: 11.284 Thread 0x00000000194f5800 Uncommon trap: reason=predicate action=maybe_recompile pc=0x00000000033a8d04 method=java.lang.String.regionMatches(ZILjava/lang/String;II)Z @ 63
Event: 30.777 Thread 0x00000000194f5800 Uncommon trap: reason=unstable_if action=reinterpret pc=0x00000000038a32a8 method=sun.font.CMap$CMapFormat4.getGlyph(I)C @ 181
Event: 68.005 Thread 0x000000001962b000 Uncommon trap: reason=predicate action=maybe_recompile pc=0x000000000367e11c method=java.util.LinkedList.remove(Ljava/lang/Object;)Z @ 48

Classes redefined (0 events):
No events

Internal exceptions (10 events):
Event: 1.649 Thread 0x000000001962b000 Implicit null exception at 0x0000000002ee0c35 to 0x0000000002ee0e45
Event: 1.649 Thread 0x000000001962b000 Implicit null exception at 0x0000000002ef72db to 0x0000000002ef793d
Event: 1.677 Thread 0x000000001962b000 Exception <a 'java/io/FileNotFoundException'> (0x00000000d62c8d00) thrown at [C:\re\workspace\8-2-build-windows-amd64-cygwin\jdk8u231\13620\hotspot\src\share\vm\prims\jni.cpp, line 710]
Event: 2.251 Thread 0x000000001962b000 Implicit null exception at 0x00000000030ab81a to 0x00000000030ac051
Event: 5.708 Thread 0x000000001962b000 Implicit null exception at 0x0000000002d56fd9 to 0x0000000002d57385
Event: 6.494 Thread 0x0000000019610000 Exception <a 'java/lang/ArrayIndexOutOfBoundsException': -1> (0x00000000d5da3b80) thrown at [C:\re\workspace\8-2-build-windows-amd64-cygwin\jdk8u231\13620\hotspot\src\share\vm\interpreter\interpreterRuntime.cpp, line 368]
Event: 6.494 Thread 0x0000000019610000 Exception <a 'java/lang/ArrayIndexOutOfBoundsException'> (0x00000000d5da3fa0) thrown at [C:\re\workspace\8-2-build-windows-amd64-cygwin\jdk8u231\13620\hotspot\src\share\vm\runtime\sharedRuntime.cpp, line 605]
Event: 6.826 Thread 0x00000000194f5800 Exception <a 'java/io/FileNotFoundException'> (0x00000000d6bc47e0) thrown at [C:\re\workspace\8-2-build-windows-amd64-cygwin\jdk8u231\13620\hotspot\src\share\vm\prims\jni.cpp, line 710]
Event: 6.906 Thread 0x00000000194f5800 Exception <a 'java/io/FileNotFoundException'> (0x00000000d6c59490) thrown at [C:\re\workspace\8-2-build-windows-amd64-cygwin\jdk8u231\13620\hotspot\src\share\vm\prims\jni.cpp, line 710]
Event: 10.600 Thread 0x000000001962b000 Implicit null exception at 0x0000000003531e17 to 0x0000000003532281

Events (10 events):
Event: 58.439 Executing VM operation: ParallelGCFailedAllocation done
Event: 61.757 Executing VM operation: ParallelGCFailedAllocation
Event: 61.760 Executing VM operation: ParallelGCFailedAllocation done
Event: 64.902 Executing VM operation: ParallelGCFailedAllocation
Event: 64.904 Executing VM operation: ParallelGCFailedAllocation done
Event: 68.005 Thread 0x000000001962b000 Uncommon trap: trap_request=0xffffff86 fr.pc=0x000000000367e11c
Event: 68.005 Thread 0x000000001962b000 DEOPT PACKING pc=0x000000000367e11c sp=0x000000001a84d8d0
Event: 68.006 Thread 0x000000001962b000 DEOPT UNPACKING pc=0x0000000002bb583b sp=0x000000001a84d878 mode 2
Event: 68.016 Executing VM operation: ParallelGCFailedAllocation
Event: 68.024 Executing VM operation: ParallelGCFailedAllocation done


Dynamic libraries:
0x00007ff7955c0000 - 0x00007ff7955f7000 	C:\Program Files\Java\jdk1.8.0_231\bin\java.exe
0x00007fffdcc80000 - 0x00007fffdce70000 	C:\Windows\SYSTEM32\ntdll.dll
0x00007fffdb630000 - 0x00007fffdb6e2000 	C:\Windows\System32\KERNEL32.DLL
0x00007fffda900000 - 0x00007fffdaba3000 	C:\Windows\System32\KERNELBASE.dll
0x00007fffdc920000 - 0x00007fffdc9c3000 	C:\Windows\System32\ADVAPI32.dll
0x00007fffdcb20000 - 0x00007fffdcbbe000 	C:\Windows\System32\msvcrt.dll
0x00007fffdca80000 - 0x00007fffdcb17000 	C:\Windows\System32\sechost.dll
0x00007fffdb6f0000 - 0x00007fffdb810000 	C:\Windows\System32\RPCRT4.dll
0x00007fffdb1a0000 - 0x00007fffdb334000 	C:\Windows\System32\USER32.dll
0x00007fffda150000 - 0x00007fffda171000 	C:\Windows\System32\win32u.dll
0x00007fffdb5e0000 - 0x00007fffdb606000 	C:\Windows\System32\GDI32.dll
0x00007fffd9e10000 - 0x00007fffd9fa4000 	C:\Windows\System32\gdi32full.dll
0x00007fffdac00000 - 0x00007fffdac9e000 	C:\Windows\System32\msvcp_win.dll
0x00007fffd9fd0000 - 0x00007fffda0ca000 	C:\Windows\System32\ucrtbase.dll
0x00007fffcd810000 - 0x00007fffcda95000 	C:\Windows\WinSxS\amd64_microsoft.windows.common-controls_6595b64144ccf1df_6.0.18362.592_none_e6c0b1911312be02\COMCTL32.dll
0x00007fffdb940000 - 0x00007fffdbc76000 	C:\Windows\System32\combase.dll
0x00007fffda0d0000 - 0x00007fffda150000 	C:\Windows\System32\bcryptPrimitives.dll
0x00007fffdbea0000 - 0x00007fffdbece000 	C:\Windows\System32\IMM32.DLL
0x0000000053770000 - 0x0000000053842000 	C:\Program Files\Java\jdk1.8.0_231\jre\bin\msvcr100.dll
0x0000000052ec0000 - 0x0000000053766000 	C:\Program Files\Java\jdk1.8.0_231\jre\bin\server\jvm.dll
0x00007fffdbc80000 - 0x00007fffdbc88000 	C:\Windows\System32\PSAPI.DLL
0x00007fffd7920000 - 0x00007fffd7944000 	C:\Windows\SYSTEM32\WINMM.dll
0x00007fffcce90000 - 0x00007fffcce9a000 	C:\Windows\SYSTEM32\VERSION.dll
0x00007fffd8660000 - 0x00007fffd8669000 	C:\Windows\SYSTEM32\WSOCK32.dll
0x00007fffdbc90000 - 0x00007fffdbcff000 	C:\Windows\System32\WS2_32.dll
0x00007fffd78c0000 - 0x00007fffd78ed000 	C:\Windows\SYSTEM32\winmmbase.dll
0x00007fffdabb0000 - 0x00007fffdabfa000 	C:\Windows\System32\cfgmgr32.dll
0x00007fffd79c0000 - 0x00007fffd79cf000 	C:\Program Files\Java\jdk1.8.0_231\jre\bin\verify.dll
0x00007fffd55d0000 - 0x00007fffd55f9000 	C:\Program Files\Java\jdk1.8.0_231\jre\bin\java.dll
0x00007fffd2640000 - 0x00007fffd2663000 	C:\Program Files\Java\jdk1.8.0_231\jre\bin\instrument.dll
0x00007fffd2670000 - 0x00007fffd2686000 	C:\Program Files\Java\jdk1.8.0_231\jre\bin\zip.dll
0x00007fffdbf50000 - 0x00007fffdc635000 	C:\Windows\System32\SHELL32.dll
0x00007fffdc9d0000 - 0x00007fffdca79000 	C:\Windows\System32\shcore.dll
0x00007fffda180000 - 0x00007fffda8ff000 	C:\Windows\System32\windows.storage.dll
0x00007fffd9bf0000 - 0x00007fffd9c0f000 	C:\Windows\System32\profapi.dll
0x00007fffd9ba0000 - 0x00007fffd9bea000 	C:\Windows\System32\powrprof.dll
0x00007fffd9b50000 - 0x00007fffd9b60000 	C:\Windows\System32\UMPDC.dll
0x00007fffdbd00000 - 0x00007fffdbd52000 	C:\Windows\System32\shlwapi.dll
0x00007fffd9b80000 - 0x00007fffd9b91000 	C:\Windows\System32\kernel.appcore.dll
0x00007fffd9fb0000 - 0x00007fffd9fc7000 	C:\Windows\System32\cryptsp.dll
0x00007fffcdad0000 - 0x00007fffcdaea000 	C:\Program Files\JetBrains\IntelliJ IDEA 2019.3\bin\breakgen64.dll
0x00007fffcdab0000 - 0x00007fffcdaca000 	C:\Program Files\Java\jdk1.8.0_231\jre\bin\net.dll
0x00007fffd9360000 - 0x00007fffd93c7000 	C:\Windows\system32\mswsock.dll
0x000000001a090000 - 0x000000001a093000 	C:\Program Files\Java\jdk1.8.0_231\jre\bin\api-ms-win-core-console-l1-1-0.dll
0x000000001a0a0000 - 0x000000001a0a3000 	C:\Program Files\Java\jdk1.8.0_231\jre\bin\api-ms-win-core-datetime-l1-1-0.dll
0x000000001a0b0000 - 0x000000001a0b3000 	C:\Program Files\Java\jdk1.8.0_231\jre\bin\api-ms-win-core-debug-l1-1-0.dll
0x000000001a0c0000 - 0x000000001a0c3000 	C:\Program Files\Java\jdk1.8.0_231\jre\bin\api-ms-win-core-errorhandling-l1-1-0.dll
0x000000001a0d0000 - 0x000000001a0d4000 	C:\Program Files\Java\jdk1.8.0_231\jre\bin\api-ms-win-core-file-l1-1-0.dll
0x000000001a0e0000 - 0x000000001a0e3000 	C:\Program Files\Java\jdk1.8.0_231\jre\bin\api-ms-win-core-file-l1-2-0.dll
0x000000001a0f0000 - 0x000000001a0f3000 	C:\Program Files\Java\jdk1.8.0_231\jre\bin\api-ms-win-core-file-l2-1-0.dll
0x000000001a100000 - 0x000000001a103000 	C:\Program Files\Java\jdk1.8.0_231\jre\bin\api-ms-win-core-handle-l1-1-0.dll
0x000000001a110000 - 0x000000001a113000 	C:\Program Files\Java\jdk1.8.0_231\jre\bin\api-ms-win-core-heap-l1-1-0.dll
0x000000001a120000 - 0x000000001a123000 	C:\Program Files\Java\jdk1.8.0_231\jre\bin\api-ms-win-core-interlocked-l1-1-0.dll
0x000000001a130000 - 0x000000001a133000 	C:\Program Files\Java\jdk1.8.0_231\jre\bin\api-ms-win-core-libraryloader-l1-1-0.dll
0x000000001a140000 - 0x000000001a143000 	C:\Program Files\Java\jdk1.8.0_231\jre\bin\api-ms-win-core-localization-l1-2-0.dll
0x000000001a150000 - 0x000000001a153000 	C:\Program Files\Java\jdk1.8.0_231\jre\bin\api-ms-win-core-memory-l1-1-0.dll
0x000000001a160000 - 0x000000001a163000 	C:\Program Files\Java\jdk1.8.0_231\jre\bin\api-ms-win-core-namedpipe-l1-1-0.dll
0x000000001a170000 - 0x000000001a173000 	C:\Program Files\Java\jdk1.8.0_231\jre\bin\api-ms-win-core-processenvironment-l1-1-0.dll
0x000000001a180000 - 0x000000001a183000 	C:\Program Files\Java\jdk1.8.0_231\jre\bin\api-ms-win-core-processthreads-l1-1-0.dll
0x000000001a190000 - 0x000000001a193000 	C:\Program Files\Java\jdk1.8.0_231\jre\bin\api-ms-win-core-processthreads-l1-1-1.dll
0x000000001a1a0000 - 0x000000001a1a3000 	C:\Program Files\Java\jdk1.8.0_231\jre\bin\api-ms-win-core-profile-l1-1-0.dll
0x000000001a1b0000 - 0x000000001a1b3000 	C:\Program Files\Java\jdk1.8.0_231\jre\bin\api-ms-win-core-rtlsupport-l1-1-0.dll
0x000000001a1c0000 - 0x000000001a1c3000 	C:\Program Files\Java\jdk1.8.0_231\jre\bin\api-ms-win-core-string-l1-1-0.dll
0x000000001a1d0000 - 0x000000001a1d3000 	C:\Program Files\Java\jdk1.8.0_231\jre\bin\api-ms-win-core-synch-l1-1-0.dll
0x000000001a1e0000 - 0x000000001a1e3000 	C:\Program Files\Java\jdk1.8.0_231\jre\bin\api-ms-win-core-synch-l1-2-0.dll
0x000000001a1f0000 - 0x000000001a1f3000 	C:\Program Files\Java\jdk1.8.0_231\jre\bin\api-ms-win-core-sysinfo-l1-1-0.dll
0x000000001a200000 - 0x000000001a203000 	C:\Program Files\Java\jdk1.8.0_231\jre\bin\api-ms-win-core-timezone-l1-1-0.dll
0x000000001a210000 - 0x000000001a213000 	C:\Program Files\Java\jdk1.8.0_231\jre\bin\api-ms-win-core-util-l1-1-0.dll
0x000000001a220000 - 0x000000001a223000 	C:\Program Files\Java\jdk1.8.0_231\jre\bin\api-ms-win-crt-conio-l1-1-0.dll
0x000000001a230000 - 0x000000001a234000 	C:\Program Files\Java\jdk1.8.0_231\jre\bin\api-ms-win-crt-convert-l1-1-0.dll
0x000000001a240000 - 0x000000001a243000 	C:\Program Files\Java\jdk1.8.0_231\jre\bin\api-ms-win-crt-environment-l1-1-0.dll
0x000000001a250000 - 0x000000001a253000 	C:\Program Files\Java\jdk1.8.0_231\jre\bin\api-ms-win-crt-filesystem-l1-1-0.dll
0x000000001a260000 - 0x000000001a263000 	C:\Program Files\Java\jdk1.8.0_231\jre\bin\api-ms-win-crt-heap-l1-1-0.dll
0x000000001a270000 - 0x000000001a273000 	C:\Program Files\Java\jdk1.8.0_231\jre\bin\api-ms-win-crt-locale-l1-1-0.dll
0x000000001a280000 - 0x000000001a285000 	C:\Program Files\Java\jdk1.8.0_231\jre\bin\api-ms-win-crt-math-l1-1-0.dll
0x000000001a290000 - 0x000000001a295000 	C:\Program Files\Java\jdk1.8.0_231\jre\bin\api-ms-win-crt-multibyte-l1-1-0.dll
0x000000001a2a0000 - 0x000000001a2b0000 	C:\Program Files\Java\jdk1.8.0_231\jre\bin\api-ms-win-crt-private-l1-1-0.dll
0x000000001a2b0000 - 0x000000001a2b3000 	C:\Program Files\Java\jdk1.8.0_231\jre\bin\api-ms-win-crt-process-l1-1-0.dll
0x000000001a2c0000 - 0x000000001a2c4000 	C:\Program Files\Java\jdk1.8.0_231\jre\bin\api-ms-win-crt-runtime-l1-1-0.dll
0x000000001a2d0000 - 0x000000001a2d4000 	C:\Program Files\Java\jdk1.8.0_231\jre\bin\api-ms-win-crt-stdio-l1-1-0.dll
0x000000001a2e0000 - 0x000000001a2e4000 	C:\Program Files\Java\jdk1.8.0_231\jre\bin\api-ms-win-crt-string-l1-1-0.dll
0x000000001a2f0000 - 0x000000001a2f3000 	C:\Program Files\Java\jdk1.8.0_231\jre\bin\api-ms-win-crt-time-l1-1-0.dll
0x000000001a300000 - 0x000000001a303000 	C:\Program Files\Java\jdk1.8.0_231\jre\bin\api-ms-win-crt-utility-l1-1-0.dll
0x00007fffbdc10000 - 0x00007fffbdd0c000 	C:\Program Files\Java\jdk1.8.0_231\jre\bin\ucrtbase.dll
0x00007fffcd470000 - 0x00007fffcd485000 	C:\Program Files\Java\jdk1.8.0_231\jre\bin\vcruntime140.dll
0x00007fffbdd70000 - 0x00007fffbde0b000 	C:\Program Files\Java\jdk1.8.0_231\jre\bin\msvcp140.dll
0x00007fffcd400000 - 0x00007fffcd451000 	C:\Program Files\Java\jdk1.8.0_231\jre\bin\concrt140.dll
0x00007fffcd3d0000 - 0x00007fffcd3f3000 	C:\Program Files\Java\jdk1.8.0_231\jre\bin\prism_d3d.dll
0x00007fffa4ce0000 - 0x00007fffa4ea7000 	C:\Windows\system32\d3d9.dll
0x00007fffd80e0000 - 0x00007fffd810d000 	C:\Windows\SYSTEM32\dwmapi.dll
0x00007fffd8830000 - 0x00007fffd8850000 	C:\Windows\SYSTEM32\dxcore.dll
0x00007fffd7d70000 - 0x00007fffd7e09000 	C:\Windows\system32\uxtheme.dll
0x00007fff84130000 - 0x00007fff8666d000 	C:\Windows\SYSTEM32\igdumdim64.dll
0x00007fffdbd60000 - 0x00007fffdbe24000 	C:\Windows\System32\OLEAUT32.dll
0x00007fffdb480000 - 0x00007fffdb5d6000 	C:\Windows\System32\ole32.dll
0x00007fffdad30000 - 0x00007fffdb1a0000 	C:\Windows\System32\SETUPAPI.dll
0x00007fffdaca0000 - 0x00007fffdacc6000 	C:\Windows\System32\bcrypt.dll
0x00007fffca4b0000 - 0x00007fffca4f5000 	C:\Program Files\Java\jdk1.8.0_231\jre\bin\glass.dll
0x00007fffdc6a0000 - 0x00007fffdc770000 	C:\Windows\System32\COMDLG32.dll
0x00007fffdb340000 - 0x00007fffdb475000 	C:\Windows\System32\MSCTF.dll
0x00007fffcb2f0000 - 0x00007fffcbd30000 	C:\Windows\SYSTEM32\igdusc64.dll
0x00007fffca490000 - 0x00007fffca4a4000 	C:\Program Files\Java\jdk1.8.0_231\jre\bin\javafx_font.dll
0x00007fffc96b0000 - 0x00007fffc99ae000 	C:\Windows\SYSTEM32\dwrite.dll
0x00007fffdb880000 - 0x00007fffdb922000 	C:\Windows\System32\clbcatq.dll
0x00007fffd21b0000 - 0x00007fffd235f000 	C:\Windows\SYSTEM32\WindowsCodecs.dll
0x00007fffbb4a0000 - 0x00007fffbb4da000 	C:\Windows\system32\dataexchange.dll
0x00007fffd6ab0000 - 0x00007fffd6d0b000 	C:\Windows\system32\d3d11.dll
0x00007fffd7190000 - 0x00007fffd736b000 	C:\Windows\system32\dcomp.dll
0x00007fffd8920000 - 0x00007fffd8a0b000 	C:\Windows\system32\dxgi.dll
0x00007fffd7af0000 - 0x00007fffd7d4a000 	C:\Windows\system32\twinapi.appcore.dll
0x00007fffd7f10000 - 0x00007fffd7f39000 	C:\Windows\system32\RMCLIENT.dll
0x00007fffbdbd0000 - 0x00007fffbdc03000 	C:\Program Files\Common Files\Microsoft Shared\Ink\rtscom.dll
0x00007fffcdcb0000 - 0x00007fffcdd4e000 	C:\Windows\System32\TextInputFramework.dll
0x00007fffd2eb0000 - 0x00007fffd31da000 	C:\Windows\System32\CoreUIComponents.dll
0x00007fffd76e0000 - 0x00007fffd77b4000 	C:\Windows\System32\CoreMessaging.dll
0x00007fffd4be0000 - 0x00007fffd4d33000 	C:\Windows\SYSTEM32\wintypes.dll
0x00007fffd8bb0000 - 0x00007fffd8be1000 	C:\Windows\SYSTEM32\ntmarta.dll
0x00007fffcab80000 - 0x00007fffcae26000 	C:\Windows\System32\iertutil.dll
0x00007fffca5f0000 - 0x00007fffca655000 	C:\Windows\system32\Oleacc.dll
0x00007fffc9c60000 - 0x00007fffc9c71000 	C:\Program Files\Java\jdk1.8.0_231\jre\bin\prism_common.dll
0x00007fffd63a0000 - 0x00007fffd6960000 	C:\Windows\SYSTEM32\d2d1.dll
0x00007fff88ad0000 - 0x00007fff89211000 	C:\Windows\SYSTEM32\D3D10Warp.dll
0x00007fffa4bf0000 - 0x00007fffa4cdf000 	C:\Users\DELL\.javacpp\cache\opencv-3.2.0-1.3-windows-x86_64.jar\org\bytedeco\javacpp\windows-x86_64\msvcr120.dll
0x00007fffca460000 - 0x00007fffca472000 	C:\Program Files\Java\jdk1.8.0_231\jre\bin\nio.dll
0x00007fffa4780000 - 0x00007fffa4826000 	C:\Users\DELL\.javacpp\cache\opencv-3.2.0-1.3-windows-x86_64.jar\org\bytedeco\javacpp\windows-x86_64\msvcp120.dll
0x00007fffa44f0000 - 0x00007fffa4778000 	C:\Users\DELL\.javacpp\cache\opencv-3.2.0-1.3-windows-x86_64.jar\org\bytedeco\javacpp\windows-x86_64\opencv_core320.dll
0x00007fff86ff0000 - 0x00007fff87352000 	C:\Users\DELL\.javacpp\cache\opencv-3.2.0-1.3-windows-x86_64.jar\org\bytedeco\javacpp\windows-x86_64\opencv_imgproc320.dll
0x00007fff86970000 - 0x00007fff86bba000 	C:\Users\DELL\.javacpp\cache\opencv-3.2.0-1.3-windows-x86_64.jar\org\bytedeco\javacpp\windows-x86_64\jniopencv_core.dll

VM Arguments:
jvm_args: -javaagent:C:\Program Files\JetBrains\IntelliJ IDEA 2019.3\lib\idea_rt.jar=58538:C:\Program Files\JetBrains\IntelliJ IDEA 2019.3\bin -Dfile.encoding=UTF-8 
java_command: application.Main
java_class_path (initial): C:\Program Files\Java\jdk1.8.0_231\jre\lib\charsets.jar;C:\Program Files\Java\jdk1.8.0_231\jre\lib\deploy.jar;C:\Program Files\Java\jdk1.8.0_231\jre\lib\ext\access-bridge-64.jar;C:\Program Files\Java\jdk1.8.0_231\jre\lib\ext\cldrdata.jar;C:\Program Files\Java\jdk1.8.0_231\jre\lib\ext\dnsns.jar;C:\Program Files\Java\jdk1.8.0_231\jre\lib\ext\jaccess.jar;C:\Program Files\Java\jdk1.8.0_231\jre\lib\ext\jfxrt.jar;C:\Program Files\Java\jdk1.8.0_231\jre\lib\ext\localedata.jar;C:\Program Files\Java\jdk1.8.0_231\jre\lib\ext\nashorn.jar;C:\Program Files\Java\jdk1.8.0_231\jre\lib\ext\sunec.jar;C:\Program Files\Java\jdk1.8.0_231\jre\lib\ext\sunjce_provider.jar;C:\Program Files\Java\jdk1.8.0_231\jre\lib\ext\sunmscapi.jar;C:\Program Files\Java\jdk1.8.0_231\jre\lib\ext\sunpkcs11.jar;C:\Program Files\Java\jdk1.8.0_231\jre\lib\ext\zipfs.jar;C:\Program Files\Java\jdk1.8.0_231\jre\lib\javaws.jar;C:\Program Files\Java\jdk1.8.0_231\jre\lib\jce.jar;C:\Program Files\Java\jdk1.8.0_231\jre\lib\jfr.jar;C:\Program Files\Java\jdk1.8.0_231\jre\lib\jfxswt.jar;C:\Program Files\Java\jdk1.8.0_231\jre\lib\jsse.jar;C:\Program Files\Java\jdk1.8.0_231\jre\lib\management-agent.jar;C:\Program Files\Java\jdk1.8.0_231\jre\lib\plugin.jar;C:\Program Files\Java\jdk1.8.0_231\jre\lib\resources.jar;C:\Program Files\Java\jdk1.8.0_231\jre\lib\rt.jar;C:\Users\DELL\Desktop\New folder\new folde\target\classes;C:\Users\DELL\Downloads\javacv-platform-1.5.2-bin\javacv-platform-1.5.2-bin\opencv.jar;C:\Users\DELL\Downloads\mysql-connector-java-5.1.48\mysql-connector-java-5.1.48\mysql-connector-java-5.1.48.jar;C:\Users\DELL\.m2\repository\org\bytedeco\javacv-platform\1.3.2\javacv-platform-1.3.2.jar;C:\Users\DELL\.m2\repository\org\bytedeco\javacv\1.3.2\javacv-1.3.2.jar;C:\Users\DELL\.m2\repository\org\bytedeco\javacpp\1.3.2\javacpp-1.3.2.jar;C:\Users\DELL\.m2\repository\org\bytedeco\javacpp-presets\opencv\3.2.0-1.3\opencv-3.2.0-1.3.jar;C:\Users\DELL\.m2\repository\org\bytedeco\javacpp-presets\ff
Launcher Type: SUN_STANDARD

Environment Variables:
JAVA_HOME=C:\Program Files\Java\jdk1.8.0_231\bin
PATH=C:\Program Files\Java\jdk1.8.0_231\bin;C:\Program Files\Java\jdk-11.0.5\bin;C:\Windows\system32;C:\Windows;C:\Windows\System32\Wbem;C:\Windows\System32\WindowsPowerShell\v1.0\;C:\Windows\System32\OpenSSH\;C:\Program Files\Git\cmd;%OPENCV_DIR%;C:\Users\DELL\Downloads\opencv\build\bin;C:\Program Files\MySQL\MySQL Shell 8.0\bin\;C:\Users\DELL\AppData\Local\Microsoft\WindowsApps;C:\Program Files\Java\jdk-11.0.5\bin;C:\Users\DELL\Downloads\opencv\build\x64\vc14\bin;
USERNAME=DELL
OS=Windows_NT
PROCESSOR_IDENTIFIER=Intel64 Family 6 Model 61 Stepping 4, GenuineIntel



---------------  S Y S T E M  ---------------

OS: Windows 10.0 , 64 bit Build 18362 (10.0.18362.329)

CPU:total 4 (initial active 4) (2 cores per cpu, 2 threads per core) family 6 model 61 stepping 4, cmov, cx8, fxsr, mmx, sse, sse2, sse3, ssse3, sse4.1, sse4.2, popcnt, avx, avx2, aes, clmul, erms, 3dnowpref, lzcnt, ht, tsc, tscinvbit, bmi1, bmi2, adx

Memory: 4k page, physical 8302108k(1233392k free), swap 20360732k(9334200k free)

vm_info: Java HotSpot(TM) 64-Bit Server VM (25.231-b11) for windows-amd64 JRE (1.8.0_231-b11), built on Oct  5 2019 03:11:30 by "java_re" with MS VC++ 10.0 (VS2010)

time: Mon Jan 20 23:12:15 2020
timezone: Central European Standard Time
elapsed time: 68 seconds (0d 0h 1m 8s)

