#
# A fatal error has been detected by the Java Runtime Environment:
#
#  EXCEPTION_UNCAUGHT_CXX_EXCEPTION (0xe06d7363) at pc=0x00007fffda93a839, pid=2456, tid=0x0000000000002648
#
# JRE version: Java(TM) SE Runtime Environment (8.0_231-b11) (build 1.8.0_231-b11)
# Java VM: Java HotSpot(TM) 64-Bit Server VM (25.231-b11 mixed mode windows-amd64 compressed oops)
# Problematic frame:
# C  [KERNELBASE.dll+0x3a839]
#
# Failed to write core dump. Minidumps are not enabled by default on client versions of Windows
#
# If you would like to submit a bug report, please visit:
#   http://bugreport.java.com/bugreport/crash.jsp
# The crash happened outside the Java Virtual Machine in native code.
# See problematic frame for where to report the bug.
#

---------------  T H R E A D  ---------------

Current thread (0x000000001927f800):  JavaThread "Thread-4" [_thread_in_native, id=9800, stack(0x0000000028710000,0x0000000028810000)]

siginfo: ExceptionCode=0xe06d7363, ExceptionInformation=0x0000000019930520 0x00000000287fe020 0x00007fffa47ecd78 0x00007fffa45a0000 

Registers:
RAX=0x0000000000000000, RBX=0x00007fffa47ecd78, RCX=0x0000000000000000, RDX=0x0000000000000000
RSP=0x00000000287fde90, RBP=0x00000000287fdfd0, RSI=0x00007fff871f0f90, RDI=0x00000000287fe020
R8 =0x0000000000000000, R9 =0x0000000000000000, R10=0x0000000000000000, R11=0x0000000000000000
R12=0x00000000ffffff29, R13=0x0000000000000000, R14=0x00007fff871f0b80, R15=0x000000002880e318
RIP=0x00007fffda93a839, EFLAGS=0x0000000000000202

Top of Stack: (sp=0x00000000287fde90)
0x00000000287fde90:   0000000000000001 00007fffa47ecd78
0x00000000287fdea0:   00007fff871f0f90 0000000000000000
0x00000000287fdeb0:   00000001e06d7363 0000000000000000
0x00000000287fdec0:   00007fffda93a839 0000000000000004
0x00000000287fded0:   0000000019930520 00000000287fe020
0x00000000287fdee0:   00007fffa47ecd78 00007fffa45a0000
0x00000000287fdef0:   0000000000000000 00000000ffffff29
0x00000000287fdf00:   00007fff871f0f90 00000000287fdfd0
0x00000000287fdf10:   00000000287fdfe0 00007fffdcc9f49f
0x00000000287fdf20:   00000000287fe020 00007fff00000000
0x00000000287fdf30:   00000000287fe020 00007fffa4c4d306
0x00000000287fdf40:   00007fffa480f000 00007fffa45a0000
0x00000000287fdf50:   0000a20e803165f8 00007fffa4ccc4d0
0x00000000287fdf60:   00007fffa47ecd78 00007fffa4c4ef63
0x00000000287fdf70:   00000000287fe020 00007fffa4c1eb8d
0x00000000287fdf80:   00007fffa4ccc4d0 00007fff871f0f90 

Instructions: (pc=0x00007fffda93a839)
0x00007fffda93a819:   8b d1 44 0f 47 c0 44 89 44 24 38 49 c1 e0 03 e8
0x00007fffda93a829:   aa 4c 05 00 48 8d 4c 24 20 48 ff 15 af bf 16 00
0x00007fffda93a839:   0f 1f 44 00 00 48 8b 8c 24 c0 00 00 00 48 33 cc
0x00007fffda93a849:   e8 c2 ee 04 00 48 81 c4 d8 00 00 00 c3 83 64 24 


Register to memory mapping:

RAX=0x0000000000000000 is an unknown value
RBX=0x00007fffa47ecd78 is an unknown value
RCX=0x0000000000000000 is an unknown value
RDX=0x0000000000000000 is an unknown value
RSP=0x00000000287fde90 is pointing into the stack for thread: 0x000000001927f800
RBP=0x00000000287fdfd0 is pointing into the stack for thread: 0x000000001927f800
RSI=0x00007fff871f0f90 is an unknown value
RDI=0x00000000287fe020 is pointing into the stack for thread: 0x000000001927f800
R8 =0x0000000000000000 is an unknown value
R9 =0x0000000000000000 is an unknown value
R10=0x0000000000000000 is an unknown value
R11=0x0000000000000000 is an unknown value
R12=0x00000000ffffff29 is an unallocated location in the heap
R13=0x0000000000000000 is an unknown value
R14=0x00007fff871f0b80 is an unknown value
R15=0x000000002880e318 is pointing into the stack for thread: 0x000000001927f800


Stack: [0x0000000028710000,0x0000000028810000],  sp=0x00000000287fde90,  free space=951k
Native frames: (J=compiled Java code, j=interpreted, Vv=VM code, C=native code)
C  [KERNELBASE.dll+0x3a839]
C  [msvcr120.dll+0x5ef63]
C  [opencv_core320.dll+0x1a2c34]
C  [opencv_core320.dll+0x1a2d76]
C  [opencv_imgproc320.dll+0x3faf2]
C  [opencv_imgproc320.dll+0x46c15]
C  0x00007fffa3bbe52d
C  0x0000000003458eb1

Java frames: (J=compiled Java code, j=interpreted, Vv=VM code)
J 3669  org.bytedeco.javacpp.opencv_imgproc.cvCvtColor(Lorg/bytedeco/javacpp/helper/opencv_core$CvArr;Lorg/bytedeco/javacpp/helper/opencv_core$CvArr;I)V (0 bytes) @ 0x0000000003458e2b [0x0000000003458dc0+0x6b]
j  application.FaceDetector.run()V+420
j  java.lang.Thread.run()V+11
v  ~StubRoutines::call_stub

---------------  P R O C E S S  ---------------

Java Threads: ( => current thread )
  0x00000000195bb000 JavaThread "Java2D Disposer" daemon [_thread_blocked, id=8064, stack(0x0000000029130000,0x0000000029230000)]
  0x000000001fa61800 JavaThread "mysql-cj-abandoned-connection-cleanup" daemon [_thread_blocked, id=8044, stack(0x0000000028810000,0x0000000028910000)]
=>0x000000001927f800 JavaThread "Thread-4" [_thread_in_native, id=9800, stack(0x0000000028710000,0x0000000028810000)]
  0x000000001fd48000 JavaThread "JavaCPP Deallocator" daemon [_thread_blocked, id=4652, stack(0x0000000025bd0000,0x0000000025cd0000)]
  0x000000001fcd4000 JavaThread "Prism Font Disposer" daemon [_thread_blocked, id=8836, stack(0x0000000022750000,0x0000000022850000)]
  0x00000000196b3800 JavaThread "Thread-3" daemon [_thread_in_native, id=2756, stack(0x000000001efe0000,0x000000001f0e0000)]
  0x0000000019487800 JavaThread "JavaFX-Launcher" [_thread_blocked, id=3376, stack(0x000000001f0e0000,0x000000001f1e0000)]
  0x00000000193fe000 JavaThread "JavaFX Application Thread" [_thread_in_native, id=892, stack(0x000000001a500000,0x000000001a600000)]
  0x00000000193f9000 JavaThread "Thread-1" daemon [_thread_blocked, id=9548, stack(0x000000001a400000,0x000000001a500000)]
  0x00000000193f2800 JavaThread "QuantumRenderer-0" daemon [_thread_blocked, id=4280, stack(0x000000001a060000,0x000000001a160000)]
  0x0000000019077800 JavaThread "Service Thread" daemon [_thread_blocked, id=7204, stack(0x0000000019b50000,0x0000000019c50000)]
  0x0000000018f4e000 JavaThread "C1 CompilerThread2" daemon [_thread_blocked, id=1128, stack(0x0000000019a50000,0x0000000019b50000)]
  0x0000000018f4c800 JavaThread "C2 CompilerThread1" daemon [_thread_blocked, id=9492, stack(0x0000000019950000,0x0000000019a50000)]
  0x0000000018f49800 JavaThread "C2 CompilerThread0" daemon [_thread_blocked, id=6672, stack(0x0000000019850000,0x0000000019950000)]
  0x000000001900a000 JavaThread "Monitor Ctrl-Break" daemon [_thread_in_native, id=12260, stack(0x0000000019750000,0x0000000019850000)]
  0x00000000174ff000 JavaThread "Attach Listener" daemon [_thread_blocked, id=10732, stack(0x0000000018a50000,0x0000000018b50000)]
  0x00000000174fb800 JavaThread "Signal Dispatcher" daemon [_thread_blocked, id=6808, stack(0x0000000018950000,0x0000000018a50000)]
  0x000000000279b800 JavaThread "Finalizer" daemon [_thread_blocked, id=2876, stack(0x0000000018750000,0x0000000018850000)]
  0x00000000174da000 JavaThread "Reference Handler" daemon [_thread_blocked, id=4416, stack(0x0000000018650000,0x0000000018750000)]
  0x00000000026a3000 JavaThread "main" [_thread_blocked, id=9808, stack(0x00000000025a0000,0x00000000026a0000)]

Other Threads:
  0x00000000174b8000 VMThread [stack: 0x0000000018550000,0x0000000018650000] [id=11964]
  0x0000000019152800 WatcherThread [stack: 0x0000000019d90000,0x0000000019e90000] [id=6696]

VM state:not at safepoint (normal execution)

VM Mutex/Monitor currently owned by a thread: None

heap address: 0x0000000081400000, size: 2028 MB, Compressed Oops mode: 32-bit
Narrow klass base: 0x0000000000000000, Narrow klass shift: 3
Compressed class space size: 1073741824 Address: 0x0000000100000000

Heap:
 PSYoungGen      total 86016K, used 34181K [0x00000000d5c00000, 0x00000000dc180000, 0x0000000100000000)
  eden space 84480K, 38% used [0x00000000d5c00000,0x00000000d7c0d610,0x00000000dae80000)
  from space 1536K, 88% used [0x00000000db100000,0x00000000db254010,0x00000000db280000)
  to   space 9728K, 0% used [0x00000000db800000,0x00000000db800000,0x00000000dc180000)
 ParOldGen       total 71680K, used 24516K [0x0000000081400000, 0x0000000085a00000, 0x00000000d5c00000)
  object space 71680K, 34% used [0x0000000081400000,0x0000000082bf1328,0x0000000085a00000)
 Metaspace       used 27304K, capacity 28390K, committed 28672K, reserved 1075200K
  class space    used 3564K, capacity 3814K, committed 3840K, reserved 1048576K

Card table byte_map: [0x0000000011d40000,0x0000000012140000] byte_map_base: 0x0000000011936000

Marking Bits: (ParMarkBitMap*) 0x00000000536e6d90
 Begin Bits: [0x00000000127f0000, 0x00000000147a0000)
 End Bits:   [0x00000000147a0000, 0x0000000016750000)

Polling page: 0x0000000000c60000

CodeCache: size=245760Kb used=11983Kb max_used=11987Kb free=233776Kb
 bounds [0x0000000002980000, 0x0000000003540000, 0x0000000011980000]
 total_blobs=4579 nmethods=3670 adapters=821
 compilation: enabled

Compilation events (10 events):
Event: 17.616 Thread 0x0000000018f4e000 3878       3       javafx.scene.image.ImageView::getViewport (22 bytes)
Event: 17.617 Thread 0x0000000018f4e000 nmethod 3878 0x0000000003539890 code [0x0000000003539a00, 0x0000000003539d68]
Event: 17.618 Thread 0x0000000018f4c800 3879       4       com.sun.prism.impl.BaseContext::setRenderTarget (47 bytes)
Event: 17.626 Thread 0x0000000018f4c800 nmethod 3879 0x000000000353cfd0 code [0x000000000353d160, 0x000000000353d6c8]
Event: 17.667 Thread 0x0000000018f4e000 3880       3       javafx.scene.image.ImageView::updateViewport (95 bytes)
Event: 17.668 Thread 0x0000000018f4e000 nmethod 3880 0x000000000353b690 code [0x000000000353b900, 0x000000000353ca68]
Event: 17.668 Thread 0x0000000018f4e000 3881       3       javafx.geometry.Rectangle2D::getMinX (5 bytes)
Event: 17.668 Thread 0x0000000018f4e000 nmethod 3881 0x000000000353b350 code [0x000000000353b4a0, 0x000000000353b5f0]
Event: 17.668 Thread 0x0000000018f4e000 3882       3       javafx.geometry.Rectangle2D::getMinY (5 bytes)
Event: 17.668 Thread 0x0000000018f4e000 nmethod 3882 0x000000000353b010 code [0x000000000353b160, 0x000000000353b2b0]

GC Heap History (10 events):
Event: 14.888 GC heap before
{Heap before GC invocations=16 (full 1):
 PSYoungGen      total 106496K, used 98732K [0x00000000d5c00000, 0x00000000dd200000, 0x0000000100000000)
  eden space 98304K, 99% used [0x00000000d5c00000,0x00000000dbb1f250,0x00000000dbc00000)
  from space 8192K, 16% used [0x00000000dca00000,0x00000000dcb4c010,0x00000000dd200000)
  to   space 11264K, 0% used [0x00000000dbc00000,0x00000000dbc00000,0x00000000dc700000)
 ParOldGen       total 71680K, used 22028K [0x0000000081400000, 0x0000000085a00000, 0x00000000d5c00000)
  object space 71680K, 30% used [0x0000000081400000,0x0000000082983308,0x0000000085a00000)
 Metaspace       used 27160K, capacity 28198K, committed 28416K, reserved 1073152K
  class space    used 3563K, capacity 3814K, committed 3840K, reserved 1048576K
Event: 14.889 GC heap after
Heap after GC invocations=16 (full 1):
 PSYoungGen      total 96768K, used 1360K [0x00000000d5c00000, 0x00000000dcf00000, 0x0000000100000000)
  eden space 95232K, 0% used [0x00000000d5c00000,0x00000000d5c00000,0x00000000db900000)
  from space 1536K, 88% used [0x00000000dbc00000,0x00000000dbd54010,0x00000000dbd80000)
  to   space 11264K, 0% used [0x00000000dc400000,0x00000000dc400000,0x00000000dcf00000)
 ParOldGen       total 71680K, used 23260K [0x0000000081400000, 0x0000000085a00000, 0x00000000d5c00000)
  object space 71680K, 32% used [0x0000000081400000,0x0000000082ab7318,0x0000000085a00000)
 Metaspace       used 27160K, capacity 28198K, committed 28416K, reserved 1073152K
  class space    used 3563K, capacity 3814K, committed 3840K, reserved 1048576K
}
Event: 15.586 GC heap before
{Heap before GC invocations=17 (full 1):
 PSYoungGen      total 96768K, used 95940K [0x00000000d5c00000, 0x00000000dcf00000, 0x0000000100000000)
  eden space 95232K, 99% used [0x00000000d5c00000,0x00000000db85d078,0x00000000db900000)
  from space 1536K, 88% used [0x00000000dbc00000,0x00000000dbd54010,0x00000000dbd80000)
  to   space 11264K, 0% used [0x00000000dc400000,0x00000000dc400000,0x00000000dcf00000)
 ParOldGen       total 71680K, used 23260K [0x0000000081400000, 0x0000000085a00000, 0x00000000d5c00000)
  object space 71680K, 32% used [0x0000000081400000,0x0000000082ab7318,0x0000000085a00000)
 Metaspace       used 27203K, capacity 28262K, committed 28416K, reserved 1073152K
  class space    used 3564K, capacity 3814K, committed 3840K, reserved 1048576K
Event: 15.588 GC heap after
Heap after GC invocations=17 (full 1):
 PSYoungGen      total 99328K, used 1360K [0x00000000d5c00000, 0x00000000dcb00000, 0x0000000100000000)
  eden space 92160K, 0% used [0x00000000d5c00000,0x00000000d5c00000,0x00000000db600000)
  from space 7168K, 18% used [0x00000000dc400000,0x00000000dc554010,0x00000000dcb00000)
  to   space 10752K, 0% used [0x00000000db600000,0x00000000db600000,0x00000000dc080000)
 ParOldGen       total 71680K, used 24492K [0x0000000081400000, 0x0000000085a00000, 0x00000000d5c00000)
  object space 71680K, 34% used [0x0000000081400000,0x0000000082beb328,0x0000000085a00000)
 Metaspace       used 27203K, capacity 28262K, committed 28416K, reserved 1073152K
  class space    used 3564K, capacity 3814K, committed 3840K, reserved 1048576K
}
Event: 16.270 GC heap before
{Heap before GC invocations=18 (full 1):
 PSYoungGen      total 99328K, used 93486K [0x00000000d5c00000, 0x00000000dcb00000, 0x0000000100000000)
  eden space 92160K, 99% used [0x00000000d5c00000,0x00000000db5f7920,0x00000000db600000)
  from space 7168K, 18% used [0x00000000dc400000,0x00000000dc554010,0x00000000dcb00000)
  to   space 10752K, 0% used [0x00000000db600000,0x00000000db600000,0x00000000dc080000)
 ParOldGen       total 71680K, used 24492K [0x0000000081400000, 0x0000000085a00000, 0x00000000d5c00000)
  object space 71680K, 34% used [0x0000000081400000,0x0000000082beb328,0x0000000085a00000)
 Metaspace       used 27214K, capacity 28262K, committed 28416K, reserved 1073152K
  class space    used 3564K, capacity 3814K, committed 3840K, reserved 1048576K
Event: 16.272 GC heap after
Heap after GC invocations=18 (full 1):
 PSYoungGen      total 91136K, used 1360K [0x00000000d5c00000, 0x00000000dc880000, 0x0000000100000000)
  eden space 89600K, 0% used [0x00000000d5c00000,0x00000000d5c00000,0x00000000db380000)
  from space 1536K, 88% used [0x00000000db600000,0x00000000db754010,0x00000000db780000)
  to   space 10752K, 0% used [0x00000000dbe00000,0x00000000dbe00000,0x00000000dc880000)
 ParOldGen       total 71680K, used 24500K [0x0000000081400000, 0x0000000085a00000, 0x00000000d5c00000)
  object space 71680K, 34% used [0x0000000081400000,0x0000000082bed328,0x0000000085a00000)
 Metaspace       used 27214K, capacity 28262K, committed 28416K, reserved 1073152K
  class space    used 3564K, capacity 3814K, committed 3840K, reserved 1048576K
}
Event: 16.921 GC heap before
{Heap before GC invocations=19 (full 1):
 PSYoungGen      total 91136K, used 89822K [0x00000000d5c00000, 0x00000000dc880000, 0x0000000100000000)
  eden space 89600K, 98% used [0x00000000d5c00000,0x00000000db263aa8,0x00000000db380000)
  from space 1536K, 88% used [0x00000000db600000,0x00000000db754010,0x00000000db780000)
  to   space 10752K, 0% used [0x00000000dbe00000,0x00000000dbe00000,0x00000000dc880000)
 ParOldGen       total 71680K, used 24500K [0x0000000081400000, 0x0000000085a00000, 0x00000000d5c00000)
  object space 71680K, 34% used [0x0000000081400000,0x0000000082bed328,0x0000000085a00000)
 Metaspace       used 27237K, capacity 28262K, committed 28416K, reserved 1073152K
  class space    used 3564K, capacity 3814K, committed 3840K, reserved 1048576K
Event: 16.923 GC heap after
Heap after GC invocations=19 (full 1):
 PSYoungGen      total 94208K, used 3760K [0x00000000d5c00000, 0x00000000dc500000, 0x0000000100000000)
  eden space 87040K, 0% used [0x00000000d5c00000,0x00000000d5c00000,0x00000000db100000)
  from space 7168K, 52% used [0x00000000dbe00000,0x00000000dc1ac030,0x00000000dc500000)
  to   space 10240K, 0% used [0x00000000db100000,0x00000000db100000,0x00000000dbb00000)
 ParOldGen       total 71680K, used 24508K [0x0000000081400000, 0x0000000085a00000, 0x00000000d5c00000)
  object space 71680K, 34% used [0x0000000081400000,0x0000000082bef328,0x0000000085a00000)
 Metaspace       used 27237K, capacity 28262K, committed 28416K, reserved 1073152K
  class space    used 3564K, capacity 3814K, committed 3840K, reserved 1048576K
}
Event: 17.570 GC heap before
{Heap before GC invocations=20 (full 1):
 PSYoungGen      total 94208K, used 89709K [0x00000000d5c00000, 0x00000000dc500000, 0x0000000100000000)
  eden space 87040K, 98% used [0x00000000d5c00000,0x00000000dafef760,0x00000000db100000)
  from space 7168K, 52% used [0x00000000dbe00000,0x00000000dc1ac030,0x00000000dc500000)
  to   space 10240K, 0% used [0x00000000db100000,0x00000000db100000,0x00000000dbb00000)
 ParOldGen       total 71680K, used 24508K [0x0000000081400000, 0x0000000085a00000, 0x00000000d5c00000)
  object space 71680K, 34% used [0x0000000081400000,0x0000000082bef328,0x0000000085a00000)
 Metaspace       used 27301K, capacity 28390K, committed 28672K, reserved 1075200K
  class space    used 3564K, capacity 3814K, committed 3840K, reserved 1048576K
Event: 17.571 GC heap after
Heap after GC invocations=20 (full 1):
 PSYoungGen      total 86016K, used 1360K [0x00000000d5c00000, 0x00000000dc180000, 0x0000000100000000)
  eden space 84480K, 0% used [0x00000000d5c00000,0x00000000d5c00000,0x00000000dae80000)
  from space 1536K, 88% used [0x00000000db100000,0x00000000db254010,0x00000000db280000)
  to   space 9728K, 0% used [0x00000000db800000,0x00000000db800000,0x00000000dc180000)
 ParOldGen       total 71680K, used 24516K [0x0000000081400000, 0x0000000085a00000, 0x00000000d5c00000)
  object space 71680K, 34% used [0x0000000081400000,0x0000000082bf1328,0x0000000085a00000)
 Metaspace       used 27301K, capacity 28390K, committed 28672K, reserved 1075200K
  class space    used 3564K, capacity 3814K, committed 3840K, reserved 1048576K
}

Deoptimization events (10 events):
Event: 9.277 Thread 0x00000000193fe000 Uncommon trap: reason=unstable_if action=reinterpret pc=0x0000000002bec044 method=sun.nio.cs.UTF_8$Decoder.decode([BII[C)I @ 30
Event: 9.453 Thread 0x00000000193fe000 Uncommon trap: reason=unstable_if action=reinterpret pc=0x00000000030fbfe0 method=java.net.URI.match(CJJ)Z @ 45
Event: 9.764 Thread 0x00000000193fe000 Uncommon trap: reason=unstable_if action=reinterpret pc=0x000000000326a72c method=java.net.URI$Parser.scan(IILjava/lang/String;Ljava/lang/String;)I @ 23
Event: 9.842 Thread 0x000000001927f800 Uncommon trap: reason=unstable_if action=reinterpret pc=0x0000000003144524 method=java.io.WinNTFileSystem.prefixLength(Ljava/lang/String;)I @ 42
Event: 9.871 Thread 0x00000000193f2800 Uncommon trap: reason=range_check action=make_not_entrant pc=0x0000000002c60264 method=java.util.ArrayList.elementData(I)Ljava/lang/Object; @ 5
Event: 9.967 Thread 0x000000001927f800 Uncommon trap: reason=unstable_if action=reinterpret pc=0x0000000003328f48 method=com.sun.javafx.image.impl.IntTo4ByteSameConverter.doConvert([III[BIIII)V @ 29
Event: 14.263 Thread 0x000000001fa61800 Uncommon trap: reason=unstable_if action=reinterpret pc=0x00000000031609c4 method=java.io.WinNTFileSystem.resolve(Ljava/lang/String;Ljava/lang/String;)Ljava/lang/String; @ 19
Event: 16.872 Thread 0x00000000193f2800 Uncommon trap: reason=unstable_if action=reinterpret pc=0x00000000034a8b54 method=com.sun.javafx.geom.RectBounds.contains(Lcom/sun/javafx/geom/RectBounds;)Z @ 49
Event: 16.872 Thread 0x00000000193f2800 Uncommon trap: reason=unstable_if action=reinterpret pc=0x0000000003448098 method=com.sun.javafx.geom.RectBounds.contains(Lcom/sun/javafx/geom/RectBounds;)Z @ 49
Event: 16.872 Thread 0x00000000193f2800 Uncommon trap: reason=unstable_if action=reinterpret pc=0x00000000034ae438 method=com.sun.javafx.sg.prism.NGGroup.computeRenderRoot(Lcom/sun/javafx/sg/prism/NodePath;Lcom/sun/javafx/geom/RectBounds;ILcom/sun/javafx/geom/transform/BaseTransform;Lcom/sun/ja

Classes redefined (0 events):
No events

Internal exceptions (10 events):
Event: 1.403 Thread 0x00000000193fe000 Exception <a 'java/lang/ArrayIndexOutOfBoundsException'> (0x00000000d5ea9b98) thrown at [C:\re\workspace\8-2-build-windows-amd64-cygwin\jdk8u231\13620\hotspot\src\share\vm\runtime\sharedRuntime.cpp, line 605]
Event: 1.530 Thread 0x00000000193fe000 Implicit null exception at 0x0000000002ce84b5 to 0x0000000002ce86c5
Event: 1.530 Thread 0x00000000193fe000 Implicit null exception at 0x0000000002d068db to 0x0000000002d06f4d
Event: 1.555 Thread 0x00000000193fe000 Exception <a 'java/io/FileNotFoundException'> (0x00000000d63680e8) thrown at [C:\re\workspace\8-2-build-windows-amd64-cygwin\jdk8u231\13620\hotspot\src\share\vm\prims\jni.cpp, line 710]
Event: 9.267 Thread 0x00000000193fe000 Implicit null exception at 0x0000000002b4a016 to 0x0000000002b4a3b1
Event: 9.735 Thread 0x000000001927f800 Exception <a 'java/io/FileNotFoundException'> (0x00000000d5c2a3e8) thrown at [C:\re\workspace\8-2-build-windows-amd64-cygwin\jdk8u231\13620\hotspot\src\share\vm\prims\jni.cpp, line 710]
Event: 9.842 Thread 0x000000001927f800 Exception <a 'java/io/FileNotFoundException'> (0x00000000d5ef70b0) thrown at [C:\re\workspace\8-2-build-windows-amd64-cygwin\jdk8u231\13620\hotspot\src\share\vm\prims\jni.cpp, line 710]
Event: 9.871 Thread 0x00000000193f2800 Exception <a 'java/lang/ArrayIndexOutOfBoundsException': -1> (0x00000000d5f48120) thrown at [C:\re\workspace\8-2-build-windows-amd64-cygwin\jdk8u231\13620\hotspot\src\share\vm\interpreter\interpreterRuntime.cpp, line 368]
Event: 9.871 Thread 0x00000000193f2800 Exception <a 'java/lang/ArrayIndexOutOfBoundsException'> (0x00000000d5f48540) thrown at [C:\re\workspace\8-2-build-windows-amd64-cygwin\jdk8u231\13620\hotspot\src\share\vm\runtime\sharedRuntime.cpp, line 605]
Event: 17.797 Thread 0x000000001927f800 Exception <a 'java/lang/RuntimeException'> (0x00000000d5e63980) thrown at [C:\re\workspace\8-2-build-windows-amd64-cygwin\jdk8u231\13620\hotspot\src\share\vm\prims\jni.cpp, line 710]

Events (10 events):
Event: 16.872 Thread 0x00000000193f2800 Uncommon trap: trap_request=0xffffff65 fr.pc=0x0000000003448098
Event: 16.872 Thread 0x00000000193f2800 DEOPT PACKING pc=0x0000000003448098 sp=0x000000001a15e500
Event: 16.872 Thread 0x00000000193f2800 DEOPT UNPACKING pc=0x00000000029c583b sp=0x000000001a15e458 mode 2
Event: 16.872 Thread 0x00000000193f2800 Uncommon trap: trap_request=0xffffff65 fr.pc=0x00000000034ae438
Event: 16.872 Thread 0x00000000193f2800 DEOPT PACKING pc=0x00000000034ae438 sp=0x000000001a15e110
Event: 16.872 Thread 0x00000000193f2800 DEOPT UNPACKING pc=0x00000000029c583b sp=0x000000001a15e068 mode 2
Event: 16.921 Executing VM operation: ParallelGCFailedAllocation
Event: 16.923 Executing VM operation: ParallelGCFailedAllocation done
Event: 17.569 Executing VM operation: ParallelGCFailedAllocation
Event: 17.571 Executing VM operation: ParallelGCFailedAllocation done


Dynamic libraries:
0x00007ff7955c0000 - 0x00007ff7955f7000 	C:\Program Files\Java\jdk1.8.0_231\bin\java.exe
0x00007fffdcc80000 - 0x00007fffdce70000 	C:\Windows\SYSTEM32\ntdll.dll
0x00007fffdb630000 - 0x00007fffdb6e2000 	C:\Windows\System32\KERNEL32.DLL
0x00007fffda900000 - 0x00007fffdaba3000 	C:\Windows\System32\KERNELBASE.dll
0x00007fffdc920000 - 0x00007fffdc9c3000 	C:\Windows\System32\ADVAPI32.dll
0x00007fffdcb20000 - 0x00007fffdcbbe000 	C:\Windows\System32\msvcrt.dll
0x00007fffdca80000 - 0x00007fffdcb17000 	C:\Windows\System32\sechost.dll
0x00007fffdb6f0000 - 0x00007fffdb810000 	C:\Windows\System32\RPCRT4.dll
0x00007fffdb1a0000 - 0x00007fffdb334000 	C:\Windows\System32\USER32.dll
0x00007fffda150000 - 0x00007fffda171000 	C:\Windows\System32\win32u.dll
0x00007fffdb5e0000 - 0x00007fffdb606000 	C:\Windows\System32\GDI32.dll
0x00007fffd9e10000 - 0x00007fffd9fa4000 	C:\Windows\System32\gdi32full.dll
0x00007fffdac00000 - 0x00007fffdac9e000 	C:\Windows\System32\msvcp_win.dll
0x00007fffd9fd0000 - 0x00007fffda0ca000 	C:\Windows\System32\ucrtbase.dll
0x00007fffcd810000 - 0x00007fffcda95000 	C:\Windows\WinSxS\amd64_microsoft.windows.common-controls_6595b64144ccf1df_6.0.18362.592_none_e6c0b1911312be02\COMCTL32.dll
0x00007fffdb940000 - 0x00007fffdbc76000 	C:\Windows\System32\combase.dll
0x00007fffda0d0000 - 0x00007fffda150000 	C:\Windows\System32\bcryptPrimitives.dll
0x00007fffdbea0000 - 0x00007fffdbece000 	C:\Windows\System32\IMM32.DLL
0x0000000053770000 - 0x0000000053842000 	C:\Program Files\Java\jdk1.8.0_231\jre\bin\msvcr100.dll
0x0000000052ec0000 - 0x0000000053766000 	C:\Program Files\Java\jdk1.8.0_231\jre\bin\server\jvm.dll
0x00007fffdbc80000 - 0x00007fffdbc88000 	C:\Windows\System32\PSAPI.DLL
0x00007fffd8660000 - 0x00007fffd8669000 	C:\Windows\SYSTEM32\WSOCK32.dll
0x00007fffdbc90000 - 0x00007fffdbcff000 	C:\Windows\System32\WS2_32.dll
0x00007fffd7920000 - 0x00007fffd7944000 	C:\Windows\SYSTEM32\WINMM.dll
0x00007fffcce90000 - 0x00007fffcce9a000 	C:\Windows\SYSTEM32\VERSION.dll
0x00007fffd78c0000 - 0x00007fffd78ed000 	C:\Windows\SYSTEM32\WINMMBASE.dll
0x00007fffdabb0000 - 0x00007fffdabfa000 	C:\Windows\System32\cfgmgr32.dll
0x00007fffd79c0000 - 0x00007fffd79cf000 	C:\Program Files\Java\jdk1.8.0_231\jre\bin\verify.dll
0x00007fffd55d0000 - 0x00007fffd55f9000 	C:\Program Files\Java\jdk1.8.0_231\jre\bin\java.dll
0x00007fffd2640000 - 0x00007fffd2663000 	C:\Program Files\Java\jdk1.8.0_231\jre\bin\instrument.dll
0x00007fffd2670000 - 0x00007fffd2686000 	C:\Program Files\Java\jdk1.8.0_231\jre\bin\zip.dll
0x00007fffdbf50000 - 0x00007fffdc635000 	C:\Windows\System32\SHELL32.dll
0x00007fffdc9d0000 - 0x00007fffdca79000 	C:\Windows\System32\shcore.dll
0x00007fffda180000 - 0x00007fffda8ff000 	C:\Windows\System32\windows.storage.dll
0x00007fffd9bf0000 - 0x00007fffd9c0f000 	C:\Windows\System32\profapi.dll
0x00007fffd9ba0000 - 0x00007fffd9bea000 	C:\Windows\System32\powrprof.dll
0x00007fffd9b50000 - 0x00007fffd9b60000 	C:\Windows\System32\UMPDC.dll
0x00007fffdbd00000 - 0x00007fffdbd52000 	C:\Windows\System32\shlwapi.dll
0x00007fffd9b80000 - 0x00007fffd9b91000 	C:\Windows\System32\kernel.appcore.dll
0x00007fffd9fb0000 - 0x00007fffd9fc7000 	C:\Windows\System32\cryptsp.dll
0x00007fffd5de0000 - 0x00007fffd5dfa000 	C:\Program Files\JetBrains\IntelliJ IDEA 2019.3\bin\breakgen64.dll
0x00007fffcdab0000 - 0x00007fffcdaca000 	C:\Program Files\Java\jdk1.8.0_231\jre\bin\net.dll
0x00007fffd9360000 - 0x00007fffd93c7000 	C:\Windows\system32\mswsock.dll
0x00000000027c0000 - 0x00000000027c3000 	C:\Program Files\Java\jdk1.8.0_231\jre\bin\api-ms-win-core-console-l1-1-0.dll
0x00000000027d0000 - 0x00000000027d3000 	C:\Program Files\Java\jdk1.8.0_231\jre\bin\api-ms-win-core-datetime-l1-1-0.dll
0x00000000027e0000 - 0x00000000027e3000 	C:\Program Files\Java\jdk1.8.0_231\jre\bin\api-ms-win-core-debug-l1-1-0.dll
0x00000000027f0000 - 0x00000000027f3000 	C:\Program Files\Java\jdk1.8.0_231\jre\bin\api-ms-win-core-errorhandling-l1-1-0.dll
0x0000000002800000 - 0x0000000002804000 	C:\Program Files\Java\jdk1.8.0_231\jre\bin\api-ms-win-core-file-l1-1-0.dll
0x0000000002810000 - 0x0000000002813000 	C:\Program Files\Java\jdk1.8.0_231\jre\bin\api-ms-win-core-file-l1-2-0.dll
0x0000000002820000 - 0x0000000002823000 	C:\Program Files\Java\jdk1.8.0_231\jre\bin\api-ms-win-core-file-l2-1-0.dll
0x0000000002830000 - 0x0000000002833000 	C:\Program Files\Java\jdk1.8.0_231\jre\bin\api-ms-win-core-handle-l1-1-0.dll
0x0000000002840000 - 0x0000000002843000 	C:\Program Files\Java\jdk1.8.0_231\jre\bin\api-ms-win-core-heap-l1-1-0.dll
0x0000000002850000 - 0x0000000002853000 	C:\Program Files\Java\jdk1.8.0_231\jre\bin\api-ms-win-core-interlocked-l1-1-0.dll
0x0000000002860000 - 0x0000000002863000 	C:\Program Files\Java\jdk1.8.0_231\jre\bin\api-ms-win-core-libraryloader-l1-1-0.dll
0x0000000019e90000 - 0x0000000019e93000 	C:\Program Files\Java\jdk1.8.0_231\jre\bin\api-ms-win-core-localization-l1-2-0.dll
0x0000000019ea0000 - 0x0000000019ea3000 	C:\Program Files\Java\jdk1.8.0_231\jre\bin\api-ms-win-core-memory-l1-1-0.dll
0x0000000019eb0000 - 0x0000000019eb3000 	C:\Program Files\Java\jdk1.8.0_231\jre\bin\api-ms-win-core-namedpipe-l1-1-0.dll
0x0000000019ec0000 - 0x0000000019ec3000 	C:\Program Files\Java\jdk1.8.0_231\jre\bin\api-ms-win-core-processenvironment-l1-1-0.dll
0x0000000019ed0000 - 0x0000000019ed3000 	C:\Program Files\Java\jdk1.8.0_231\jre\bin\api-ms-win-core-processthreads-l1-1-0.dll
0x0000000019ee0000 - 0x0000000019ee3000 	C:\Program Files\Java\jdk1.8.0_231\jre\bin\api-ms-win-core-processthreads-l1-1-1.dll
0x0000000019ef0000 - 0x0000000019ef3000 	C:\Program Files\Java\jdk1.8.0_231\jre\bin\api-ms-win-core-profile-l1-1-0.dll
0x0000000019f00000 - 0x0000000019f03000 	C:\Program Files\Java\jdk1.8.0_231\jre\bin\api-ms-win-core-rtlsupport-l1-1-0.dll
0x0000000019f10000 - 0x0000000019f13000 	C:\Program Files\Java\jdk1.8.0_231\jre\bin\api-ms-win-core-string-l1-1-0.dll
0x0000000019f20000 - 0x0000000019f23000 	C:\Program Files\Java\jdk1.8.0_231\jre\bin\api-ms-win-core-synch-l1-1-0.dll
0x0000000019f30000 - 0x0000000019f33000 	C:\Program Files\Java\jdk1.8.0_231\jre\bin\api-ms-win-core-synch-l1-2-0.dll
0x0000000019f40000 - 0x0000000019f43000 	C:\Program Files\Java\jdk1.8.0_231\jre\bin\api-ms-win-core-sysinfo-l1-1-0.dll
0x0000000019f50000 - 0x0000000019f53000 	C:\Program Files\Java\jdk1.8.0_231\jre\bin\api-ms-win-core-timezone-l1-1-0.dll
0x0000000019f60000 - 0x0000000019f63000 	C:\Program Files\Java\jdk1.8.0_231\jre\bin\api-ms-win-core-util-l1-1-0.dll
0x0000000019f70000 - 0x0000000019f73000 	C:\Program Files\Java\jdk1.8.0_231\jre\bin\api-ms-win-crt-conio-l1-1-0.dll
0x0000000019f80000 - 0x0000000019f84000 	C:\Program Files\Java\jdk1.8.0_231\jre\bin\api-ms-win-crt-convert-l1-1-0.dll
0x0000000019f90000 - 0x0000000019f93000 	C:\Program Files\Java\jdk1.8.0_231\jre\bin\api-ms-win-crt-environment-l1-1-0.dll
0x0000000019fa0000 - 0x0000000019fa3000 	C:\Program Files\Java\jdk1.8.0_231\jre\bin\api-ms-win-crt-filesystem-l1-1-0.dll
0x0000000019fb0000 - 0x0000000019fb3000 	C:\Program Files\Java\jdk1.8.0_231\jre\bin\api-ms-win-crt-heap-l1-1-0.dll
0x0000000019fc0000 - 0x0000000019fc3000 	C:\Program Files\Java\jdk1.8.0_231\jre\bin\api-ms-win-crt-locale-l1-1-0.dll
0x0000000019fd0000 - 0x0000000019fd5000 	C:\Program Files\Java\jdk1.8.0_231\jre\bin\api-ms-win-crt-math-l1-1-0.dll
0x0000000019fe0000 - 0x0000000019fe5000 	C:\Program Files\Java\jdk1.8.0_231\jre\bin\api-ms-win-crt-multibyte-l1-1-0.dll
0x0000000019ff0000 - 0x000000001a000000 	C:\Program Files\Java\jdk1.8.0_231\jre\bin\api-ms-win-crt-private-l1-1-0.dll
0x000000001a000000 - 0x000000001a003000 	C:\Program Files\Java\jdk1.8.0_231\jre\bin\api-ms-win-crt-process-l1-1-0.dll
0x000000001a010000 - 0x000000001a014000 	C:\Program Files\Java\jdk1.8.0_231\jre\bin\api-ms-win-crt-runtime-l1-1-0.dll
0x000000001a020000 - 0x000000001a024000 	C:\Program Files\Java\jdk1.8.0_231\jre\bin\api-ms-win-crt-stdio-l1-1-0.dll
0x000000001a030000 - 0x000000001a034000 	C:\Program Files\Java\jdk1.8.0_231\jre\bin\api-ms-win-crt-string-l1-1-0.dll
0x000000001a040000 - 0x000000001a043000 	C:\Program Files\Java\jdk1.8.0_231\jre\bin\api-ms-win-crt-time-l1-1-0.dll
0x000000001a050000 - 0x000000001a053000 	C:\Program Files\Java\jdk1.8.0_231\jre\bin\api-ms-win-crt-utility-l1-1-0.dll
0x00007fffbdc10000 - 0x00007fffbdd0c000 	C:\Program Files\Java\jdk1.8.0_231\jre\bin\ucrtbase.dll
0x00007fffcdaf0000 - 0x00007fffcdb05000 	C:\Program Files\Java\jdk1.8.0_231\jre\bin\vcruntime140.dll
0x00007fffbdd70000 - 0x00007fffbde0b000 	C:\Program Files\Java\jdk1.8.0_231\jre\bin\msvcp140.dll
0x00007fffcd400000 - 0x00007fffcd451000 	C:\Program Files\Java\jdk1.8.0_231\jre\bin\concrt140.dll
0x00007fffcd3d0000 - 0x00007fffcd3f3000 	C:\Program Files\Java\jdk1.8.0_231\jre\bin\prism_d3d.dll
0x00007fffa4ce0000 - 0x00007fffa4ea7000 	C:\Windows\system32\d3d9.dll
0x00007fffd80e0000 - 0x00007fffd810d000 	C:\Windows\SYSTEM32\dwmapi.dll
0x00007fffd8830000 - 0x00007fffd8850000 	C:\Windows\SYSTEM32\dxcore.dll
0x00007fffd7d70000 - 0x00007fffd7e09000 	C:\Windows\system32\uxtheme.dll
0x00007fff75700000 - 0x00007fff77c3d000 	C:\Windows\SYSTEM32\igdumdim64.dll
0x00007fffdbd60000 - 0x00007fffdbe24000 	C:\Windows\System32\OLEAUT32.dll
0x00007fffdb480000 - 0x00007fffdb5d6000 	C:\Windows\System32\ole32.dll
0x00007fffdad30000 - 0x00007fffdb1a0000 	C:\Windows\System32\SETUPAPI.dll
0x00007fffdaca0000 - 0x00007fffdacc6000 	C:\Windows\System32\bcrypt.dll
0x00007fffca4b0000 - 0x00007fffca4f5000 	C:\Program Files\Java\jdk1.8.0_231\jre\bin\glass.dll
0x00007fffdc6a0000 - 0x00007fffdc770000 	C:\Windows\System32\COMDLG32.dll
0x00007fffdb340000 - 0x00007fffdb475000 	C:\Windows\System32\MSCTF.dll
0x00007fffcb2f0000 - 0x00007fffcbd30000 	C:\Windows\SYSTEM32\igdusc64.dll
0x00007fffcdad0000 - 0x00007fffcdae4000 	C:\Program Files\Java\jdk1.8.0_231\jre\bin\javafx_font.dll
0x00007fffc96b0000 - 0x00007fffc99ae000 	C:\Windows\SYSTEM32\dwrite.dll
0x00007fffdb880000 - 0x00007fffdb922000 	C:\Windows\System32\clbcatq.dll
0x00007fffd21b0000 - 0x00007fffd235f000 	C:\Windows\SYSTEM32\WindowsCodecs.dll
0x00007fffbb4a0000 - 0x00007fffbb4da000 	C:\Windows\system32\dataexchange.dll
0x00007fffd6ab0000 - 0x00007fffd6d0b000 	C:\Windows\system32\d3d11.dll
0x00007fffd7190000 - 0x00007fffd736b000 	C:\Windows\system32\dcomp.dll
0x00007fffd8920000 - 0x00007fffd8a0b000 	C:\Windows\system32\dxgi.dll
0x00007fffd7af0000 - 0x00007fffd7d4a000 	C:\Windows\system32\twinapi.appcore.dll
0x00007fffd7f10000 - 0x00007fffd7f39000 	C:\Windows\system32\RMCLIENT.dll
0x00007fffa3ab0000 - 0x00007fffa3ae3000 	C:\Program Files\Common Files\Microsoft Shared\Ink\rtscom.dll
0x00007fffcdcb0000 - 0x00007fffcdd4e000 	C:\Windows\System32\TextInputFramework.dll
0x00007fffd2eb0000 - 0x00007fffd31da000 	C:\Windows\System32\CoreUIComponents.dll
0x00007fffd76e0000 - 0x00007fffd77b4000 	C:\Windows\System32\CoreMessaging.dll
0x00007fffd8bb0000 - 0x00007fffd8be1000 	C:\Windows\SYSTEM32\ntmarta.dll
0x00007fffd4be0000 - 0x00007fffd4d33000 	C:\Windows\SYSTEM32\wintypes.dll
0x00007fffcab80000 - 0x00007fffcae26000 	C:\Windows\System32\iertutil.dll
0x00007fffca5f0000 - 0x00007fffca655000 	C:\Windows\system32\Oleacc.dll
0x00007fffcd470000 - 0x00007fffcd481000 	C:\Program Files\Java\jdk1.8.0_231\jre\bin\prism_common.dll
0x00007fffd63a0000 - 0x00007fffd6960000 	C:\Windows\SYSTEM32\d2d1.dll
0x00007fff88ad0000 - 0x00007fff89211000 	C:\Windows\SYSTEM32\D3D10Warp.dll
0x00007fffa4bf0000 - 0x00007fffa4cdf000 	C:\Users\DELL\.javacpp\cache\opencv-3.2.0-1.3-windows-x86_64.jar\org\bytedeco\javacpp\windows-x86_64\msvcr120.dll
0x00007fffca460000 - 0x00007fffca472000 	C:\Program Files\Java\jdk1.8.0_231\jre\bin\nio.dll
0x00007fffbdb60000 - 0x00007fffbdc06000 	C:\Users\DELL\.javacpp\cache\opencv-3.2.0-1.3-windows-x86_64.jar\org\bytedeco\javacpp\windows-x86_64\msvcp120.dll
0x00007fffa45a0000 - 0x00007fffa4828000 	C:\Users\DELL\.javacpp\cache\opencv-3.2.0-1.3-windows-x86_64.jar\org\bytedeco\javacpp\windows-x86_64\opencv_core320.dll
0x00007fff86ff0000 - 0x00007fff87352000 	C:\Users\DELL\.javacpp\cache\opencv-3.2.0-1.3-windows-x86_64.jar\org\bytedeco\javacpp\windows-x86_64\opencv_imgproc320.dll
0x00007fff86970000 - 0x00007fff86bba000 	C:\Users\DELL\.javacpp\cache\opencv-3.2.0-1.3-windows-x86_64.jar\org\bytedeco\javacpp\windows-x86_64\jniopencv_core.dll

VM Arguments:
jvm_args: -javaagent:C:\Program Files\JetBrains\IntelliJ IDEA 2019.3\lib\idea_rt.jar=57905:C:\Program Files\JetBrains\IntelliJ IDEA 2019.3\bin -Dfile.encoding=UTF-8 
java_command: application.Main
java_class_path (initial): C:\Program Files\Java\jdk1.8.0_231\jre\lib\charsets.jar;C:\Program Files\Java\jdk1.8.0_231\jre\lib\deploy.jar;C:\Program Files\Java\jdk1.8.0_231\jre\lib\ext\access-bridge-64.jar;C:\Program Files\Java\jdk1.8.0_231\jre\lib\ext\cldrdata.jar;C:\Program Files\Java\jdk1.8.0_231\jre\lib\ext\dnsns.jar;C:\Program Files\Java\jdk1.8.0_231\jre\lib\ext\jaccess.jar;C:\Program Files\Java\jdk1.8.0_231\jre\lib\ext\jfxrt.jar;C:\Program Files\Java\jdk1.8.0_231\jre\lib\ext\localedata.jar;C:\Program Files\Java\jdk1.8.0_231\jre\lib\ext\nashorn.jar;C:\Program Files\Java\jdk1.8.0_231\jre\lib\ext\sunec.jar;C:\Program Files\Java\jdk1.8.0_231\jre\lib\ext\sunjce_provider.jar;C:\Program Files\Java\jdk1.8.0_231\jre\lib\ext\sunmscapi.jar;C:\Program Files\Java\jdk1.8.0_231\jre\lib\ext\sunpkcs11.jar;C:\Program Files\Java\jdk1.8.0_231\jre\lib\ext\zipfs.jar;C:\Program Files\Java\jdk1.8.0_231\jre\lib\javaws.jar;C:\Program Files\Java\jdk1.8.0_231\jre\lib\jce.jar;C:\Program Files\Java\jdk1.8.0_231\jre\lib\jfr.jar;C:\Program Files\Java\jdk1.8.0_231\jre\lib\jfxswt.jar;C:\Program Files\Java\jdk1.8.0_231\jre\lib\jsse.jar;C:\Program Files\Java\jdk1.8.0_231\jre\lib\management-agent.jar;C:\Program Files\Java\jdk1.8.0_231\jre\lib\plugin.jar;C:\Program Files\Java\jdk1.8.0_231\jre\lib\resources.jar;C:\Program Files\Java\jdk1.8.0_231\jre\lib\rt.jar;C:\Users\DELL\Desktop\New folder\new folde\target\classes;C:\Users\DELL\Downloads\javacv-platform-1.5.2-bin\javacv-platform-1.5.2-bin\opencv.jar;C:\Users\DELL\Downloads\mysql-connector-java-5.1.48\mysql-connector-java-5.1.48\mysql-connector-java-5.1.48.jar;C:\Users\DELL\.m2\repository\org\bytedeco\javacv-platform\1.3.2\javacv-platform-1.3.2.jar;C:\Users\DELL\.m2\repository\org\bytedeco\javacv\1.3.2\javacv-1.3.2.jar;C:\Users\DELL\.m2\repository\org\bytedeco\javacpp\1.3.2\javacpp-1.3.2.jar;C:\Users\DELL\.m2\repository\org\bytedeco\javacpp-presets\opencv\3.2.0-1.3\opencv-3.2.0-1.3.jar;C:\Users\DELL\.m2\repository\org\bytedeco\javacpp-presets\ff
Launcher Type: SUN_STANDARD

Environment Variables:
JAVA_HOME=C:\Program Files\Java\jdk1.8.0_231\bin
PATH=C:\Program Files\Java\jdk1.8.0_231\bin;C:\Program Files\Java\jdk-11.0.5\bin;C:\Windows\system32;C:\Windows;C:\Windows\System32\Wbem;C:\Windows\System32\WindowsPowerShell\v1.0\;C:\Windows\System32\OpenSSH\;C:\Program Files\Git\cmd;%OPENCV_DIR%;C:\Users\DELL\Downloads\opencv\build\bin;C:\Program Files\MySQL\MySQL Shell 8.0\bin\;C:\Users\DELL\AppData\Local\Microsoft\WindowsApps;C:\Program Files\Java\jdk-11.0.5\bin;C:\Users\DELL\Downloads\opencv\build\x64\vc14\bin;
USERNAME=DELL
OS=Windows_NT
PROCESSOR_IDENTIFIER=Intel64 Family 6 Model 61 Stepping 4, GenuineIntel



---------------  S Y S T E M  ---------------

OS: Windows 10.0 , 64 bit Build 18362 (10.0.18362.329)

CPU:total 4 (initial active 4) (2 cores per cpu, 2 threads per core) family 6 model 61 stepping 4, cmov, cx8, fxsr, mmx, sse, sse2, sse3, ssse3, sse4.1, sse4.2, popcnt, avx, avx2, aes, clmul, erms, 3dnowpref, lzcnt, ht, tsc, tscinvbit, bmi1, bmi2, adx

Memory: 4k page, physical 8302108k(1553048k free), swap 20360732k(9474252k free)

vm_info: Java HotSpot(TM) 64-Bit Server VM (25.231-b11) for windows-amd64 JRE (1.8.0_231-b11), built on Oct  5 2019 03:11:30 by "java_re" with MS VC++ 10.0 (VS2010)

time: Mon Jan 20 21:57:58 2020
timezone: Central European Standard Time
elapsed time: 17 seconds (0d 0h 0m 17s)

